
ROM used: 51648 (53%)
          51648 (53%) including unused fragments

          9 Average locations per line
          19 Average locations per statement

RAM used: 1785 (54%) at main() level
          1826 (55%) worst case

Stack used: 5 worst case (out of 31 total available)

Lines Stmts  %   Files
----- ----- ---  -----
 1856  1552  58  Horno.c
  461     0   0  18F4685.h
  143    53   2  DS1302.c
 2227   257  10  math.h
  902   807  30  Funciones.h
----- -----
 5589  2669 Total

Page ROM  %  RAM   Vol Diff  Functions:
---- --- --- ---   --- ----  ----------
0     40   0   1             @delay_ms1
0    118   0   1             @I2C_WRITE_1
0      8   0   0             @PUTCHARI_BIU_1
0     40   0   2   199  4.3  write_ds1302_byte
0     22   0   2    94  1.8  write_ds1302
0     86   0   3   401  4.9  read_ds1302
0     82   0   2   247  3.7  rtc_init
0     48   0   4   160  5.0  get_bcd
0     44   0   3             @DIV88
0     50   0   3   160  4.2  rm_bcd
0    188   0   7   402  2.2  rtc_set_datetime
 Inline        5   238  3.1  rtc_get_date
 Inline        4   170  3.0  rtc_get_time
0    122   0  10             @FLT
0     60   0   4             @SFTOI
0     54   0   2             @ITOF
0    246   0  11             @MULFF
0    632   1  16             @ADDFF
0    382   0  14             @DIVFF
0     54   0   0   134  1.3  SendDataDisplay
0     82   0   3   111  3.8  esBisiesto
0     70   0   5             @DIV1616
0    148   0   1   750  4.8  LimitaDia
0    652   1   4   455  5.7  ActualizaRecta
0     88   0   5   100  2.1  sensores
0   2424   2  12  1450  8.9  LeerPT100
0     34   0   5             @MUL1616
0   6568   6   8 11707 10.9  Controla
0    170   0   4   106  3.2  Carga_Vector
0    140   0   1   207  3.6  Envio_Esclavos
0    200   0  16   156  3.5  extraeDecimal
0     66   0   5    64  2.4  inttofloat
0     38   0   0   141  1.8  ConfiguraInterrupciones
0   3526   3  13  4116  8.9  LeeEEPROM
0   1792   2   0  3840  6.9  LimitaValores
0    176   0   0   136  3.2  CuentaTiempo
0    412   0   0  2977  5.9  LeeDisplay
0     30   0   0   209  1.8  ApagaSalidas
0    160   0   0   321  4.6  iniciaConteo
0   1108   1   0  1573  8.6  controlaTemperatura
0     26   0   0             @const480
0     42   0   3             @PSTRINGC_9600_31766_31767
0     24   0   0             @const482
0     26   0   0             @const483
0     26   0   0             @const484
0   1448   1   0  2112  8.7  controlaRampa
0     26   0   0             @const486
0     22   0   0             @const487
0     22   0   0             @const488
0     24   0   0             @const489
0     26   0   0             @const490
0     22   0   0             @const491
0     22   0   0             @const492
0     26   0   0             @const493
0    108   0   2   564  5.2  serial_rx_isr
0    300   0   1  1289  6.8  temp1s
0  24690  24   8 84801 15.0  MAIN
0     16   0   0             @const498
0      8   0   0             @const499
0     12   0   0             @const500
0      8   0   0             @const501
0     12   0   0             @const502
0     16   0   0             @const503
0     26   0   0             @const504
0     10   0   0             @const505
0     26   0   0             @const506
0     10   0   0             @const507
0     28   0   0             @const508
0     10   0   0             @const509
0     28   0   0             @const510
0     20   0   0             @const511
0     14   0   0             @const512
0     12   0   0             @const513
0     16   0   0             @const514
0     12   0   0             @const515
0     26   0   0             @const516
0     16   0   0             @const517
0     26   0   0             @const518
0     16   0   0             @const519
0     10   0   0             @const520
0     16   0   0             @const521
0     60   0   0             @const522
0     50   0   4             @PSTRINGCN_9600_31766_31767
0    126   0   2             @PRINTF_U_9600_31766_31767
0     16   0   0             @const528
0     18   0   0             @const529
0     14   0   0             @const530
0     14   0   0             @const531
0     18   0   0             @const532
0     22   0   0             @const533
0     68   0   5             @FTOSD
0    128   0  13             @DIV3232
0    468   0  13             @PRINTF_L32D_9600_31766_31767FPFPF
0     22   0   0             @const542
0     12   0   0             @const543
0     18   0   0             @const544
0     14   0   0             @const545
0     14   0   0             @const546
0     18   0   0             @const547
0     22   0   0             @const548
0     22   0   0             @const549
0     60   0   0             @const550
0     10   0   0             @const551
0     10   0   0             @const552
0     10   0   0             @const553
0     10   0   0             @const554
0     10   0   0             @const555
0     10   0   0             @const556
0     10   0   0             @const557
0     10   0   0             @const558
0     10   0   0             @const559
0     16   0   0             @const560
0     20   0   0             @const561
0     12   0   0             @const562
0     20   0   0             @const563
0     12   0   0             @const564
0     14   0   0             @const565
0     12   0   0             @const566
0     14   0   0             @const567
0     12   0   0             @const568
0     14   0   0             @const569
0     12   0   0             @const570
0     14   0   0             @const571
0     12   0   0             @const572
0     14   0   0             @const573
0     12   0   0             @const574
0     14   0   0             @const575
0     12   0   0             @const576
0     14   0   0             @const577
0     12   0   0             @const578
0     14   0   0             @const579
0     14   0   0             @const580
0     14   0   0             @const581
0     14   0   0             @const582
0     14   0   0             @const583
0     22   0   0             @const584
0     22   0   0             @const585
0     20   0   0             @const586
0     20   0   0             @const587
0     20   0   0             @const588
0     20   0   0             @const589
0     20   0   0             @const590
0     20   0   0             @const591
0     16   0   0             @const592
0     16   0   0             @const593
0     18   0   0             @const594
0     20   0   0             @const595
0     16   0   0             @const596
0     16   0   0             @const597
0     18   0   0             @const598
0     56   0   0             @const599
0     32   0   0             @const600
0     22   0   0             @const601
0     32   0   0             @const602
0     36   0   0             @const603
0     20   0   0             @const604
0     28   0   0             @const605
0     28   0   0             @const606
0     22   0   0             @const607
0     32   0   0             @const608
0     36   0   0             @const609
0     18   0   0             @const610
0     12   0   0             @const611
0     16   0   0             @const612
0     16   0   0             @const613
0     12   0   0             @const614
0     60   0   0             @const615
0     18   0   0             @const616
0     12   0   0             @const617
0     12   0   0             @const618
0     12   0   0             @const619
0     12   0   0             @const620
0     12   0   0             @const621
0     12   0   0             @const622
0     30   0   0             @const623
0     20   0   0             @const624
0     36   0   0             @const625
0     20   0   0             @const626
0     34   0   0             @const627
0     26   0   0             @const628
0     10   0   0             @const629
0     10   0   0             @const630
0     20   0   0             @const631
0     14   0   0             @const632
0     10   0   0             @const633
0     10   0   0             @const634
0     24   0   0             @const635
0     10   0   0             @const636
0     18   0   0             @const637
0     32   0   0             @const638
0     10   0   0             @const639
0     10   0   0             @const640
0     26   0   0             @const641
0     26   0   0             @const642
0     28   0   0             @const643
0     32   0   0             @const644
0     40   0   0             @const645
0     28   0   0             @const646
0     28   0   0             @const647
0     32   0   0             @const648
0     44   0   0             @const649
0    170   0   9             @PRINTF_LU_9600_31766_31767
0     38   0   0             @const652
0     36   0   0             @const653
0     36   0   0             @const654
0     24   0   0             @const655
0     30   0   0             @const656
0     16   0   0             @const657
0     28   0   0             @const658
0     14   0   0             @const659
0     26   0   0             @const660
0     14   0   0             @const661
0     24   0   0             @const662
0     16   0   0             @const663
0     26   0   0             @const664
0     14   0   0             @const665
0     26   0   0             @const666
0     14   0   0             @const667
0     28   0   0             @const668
0     14   0   0             @const669
0     28   0   0             @const670
0     14   0   0             @const671
0     24   0   0             @const672
0     14   0   0             @const673
0     28   0   0             @const674
0     16   0   0             @const675
0     16   0   0             @const676
0     54   0   0             @const677

Program metrics:
    Functions               32
    Statements              2669
    Comments                694
    Volume (V)              149796
    Difficilty (D)          159.6
    Effort to implement (E) 23907772
    Time to implement (T)   368 hours, 57 minutes
    Est Delivered Bugs (B)  28
    Cyclomatic Complexity   497
    Maintainability (MI)    92

 Segment     Used  Free
-----------  ----  ----
00000-00002     4  0  
00004-00006     0  4  
00008-00142   316  0  
00144-0FFFE  51328  13884  
10000-17FFE     0  32768  



