ARM GAS  C:\Users\USUARIO\AppData\Local\Temp\ccRIw7mh.s 			page 1


   1              		.syntax unified
   2              		.cpu cortex-m3
   3              		.fpu softvfp
   4              		.eabi_attribute 20, 1
   5              		.eabi_attribute 21, 1
   6              		.eabi_attribute 23, 3
   7              		.eabi_attribute 24, 1
   8              		.eabi_attribute 25, 1
   9              		.eabi_attribute 26, 1
  10              		.eabi_attribute 30, 1
  11              		.eabi_attribute 34, 1
  12              		.eabi_attribute 18, 4
  13              		.thumb
  14              		.syntax unified
  15              		.file	"ADC_INT.c"
  16              		.text
  17              	.Ltext0:
  18              		.cfi_sections	.debug_frame
  19              		.section	.text.ADC_ISR1,"ax",%progbits
  20              		.align	2
  21              		.global	ADC_ISR1
  22              		.thumb
  23              		.thumb_func
  24              		.type	ADC_ISR1, %function
  25              	ADC_ISR1:
  26              	.LFB0:
  27              		.file 1 "Generated_Source\\PSoC5\\ADC_INT.c"
   1:Generated_Source\PSoC5/ADC_INT.c **** /*******************************************************************************
   2:Generated_Source\PSoC5/ADC_INT.c **** * File Name: ADC_INT.c
   3:Generated_Source\PSoC5/ADC_INT.c **** * Version 3.20
   4:Generated_Source\PSoC5/ADC_INT.c **** *
   5:Generated_Source\PSoC5/ADC_INT.c **** * Description:
   6:Generated_Source\PSoC5/ADC_INT.c **** *  This file contains the code that operates during the ADC_DelSig interrupt
   7:Generated_Source\PSoC5/ADC_INT.c **** *  service routine.
   8:Generated_Source\PSoC5/ADC_INT.c **** *
   9:Generated_Source\PSoC5/ADC_INT.c **** * Note:
  10:Generated_Source\PSoC5/ADC_INT.c **** *
  11:Generated_Source\PSoC5/ADC_INT.c **** ********************************************************************************
  12:Generated_Source\PSoC5/ADC_INT.c **** * Copyright 2008-2015, Cypress Semiconductor Corporation.  All rights reserved.
  13:Generated_Source\PSoC5/ADC_INT.c **** * You may use this file only in accordance with the license, terms, conditions,
  14:Generated_Source\PSoC5/ADC_INT.c **** * disclaimers, and limitations in the end user license agreement accompanying
  15:Generated_Source\PSoC5/ADC_INT.c **** * the software package with which this file was provided.
  16:Generated_Source\PSoC5/ADC_INT.c **** *******************************************************************************/
  17:Generated_Source\PSoC5/ADC_INT.c **** 
  18:Generated_Source\PSoC5/ADC_INT.c **** #include "ADC.h"
  19:Generated_Source\PSoC5/ADC_INT.c **** #include "cyapicallbacks.h"
  20:Generated_Source\PSoC5/ADC_INT.c **** 
  21:Generated_Source\PSoC5/ADC_INT.c **** 
  22:Generated_Source\PSoC5/ADC_INT.c **** /*******************************************************************************
  23:Generated_Source\PSoC5/ADC_INT.c **** * Custom Declarations and Variables
  24:Generated_Source\PSoC5/ADC_INT.c **** * - add user include files, prototypes and variables between the following
  25:Generated_Source\PSoC5/ADC_INT.c **** *   #START and #END tags
  26:Generated_Source\PSoC5/ADC_INT.c **** *******************************************************************************/
  27:Generated_Source\PSoC5/ADC_INT.c **** /* `#START ADC_SYS_VAR`  */
  28:Generated_Source\PSoC5/ADC_INT.c **** 
  29:Generated_Source\PSoC5/ADC_INT.c **** /* `#END`  */
  30:Generated_Source\PSoC5/ADC_INT.c **** 
ARM GAS  C:\Users\USUARIO\AppData\Local\Temp\ccRIw7mh.s 			page 2


  31:Generated_Source\PSoC5/ADC_INT.c **** #if(ADC_IRQ_REMOVE == 0u)
  32:Generated_Source\PSoC5/ADC_INT.c **** 
  33:Generated_Source\PSoC5/ADC_INT.c **** 
  34:Generated_Source\PSoC5/ADC_INT.c ****     /*****************************************************************************
  35:Generated_Source\PSoC5/ADC_INT.c ****     * Function Name: ADC_ISR1
  36:Generated_Source\PSoC5/ADC_INT.c ****     ******************************************************************************
  37:Generated_Source\PSoC5/ADC_INT.c ****     *
  38:Generated_Source\PSoC5/ADC_INT.c ****     * Summary:
  39:Generated_Source\PSoC5/ADC_INT.c ****     *  Handle Interrupt Service Routine.
  40:Generated_Source\PSoC5/ADC_INT.c ****     *
  41:Generated_Source\PSoC5/ADC_INT.c ****     * Parameters:
  42:Generated_Source\PSoC5/ADC_INT.c ****     *  None
  43:Generated_Source\PSoC5/ADC_INT.c ****     *
  44:Generated_Source\PSoC5/ADC_INT.c ****     * Return:
  45:Generated_Source\PSoC5/ADC_INT.c ****     *  None
  46:Generated_Source\PSoC5/ADC_INT.c ****     *
  47:Generated_Source\PSoC5/ADC_INT.c ****     * Reentrant:
  48:Generated_Source\PSoC5/ADC_INT.c ****     *  No
  49:Generated_Source\PSoC5/ADC_INT.c ****     *
  50:Generated_Source\PSoC5/ADC_INT.c ****     *****************************************************************************/
  51:Generated_Source\PSoC5/ADC_INT.c ****     CY_ISR( ADC_ISR1)
  52:Generated_Source\PSoC5/ADC_INT.c ****     {
  28              		.loc 1 52 0
  29              		.cfi_startproc
  30              		@ args = 0, pretend = 0, frame = 0
  31              		@ frame_needed = 0, uses_anonymous_args = 0
  32 0000 08B5     		push	{r3, lr}
  33              		.cfi_def_cfa_offset 8
  34              		.cfi_offset 3, -8
  35              		.cfi_offset 14, -4
  53:Generated_Source\PSoC5/ADC_INT.c ****         #ifdef ADC_ISR1_ENTRY_CALLBACK
  54:Generated_Source\PSoC5/ADC_INT.c ****             ADC_ISR1_EntryCallback();
  55:Generated_Source\PSoC5/ADC_INT.c ****         #endif /* ADC_ISR1_ENTRY_CALLBACK */
  56:Generated_Source\PSoC5/ADC_INT.c ****         
  57:Generated_Source\PSoC5/ADC_INT.c **** 
  58:Generated_Source\PSoC5/ADC_INT.c ****         /**************************************************************************
  59:Generated_Source\PSoC5/ADC_INT.c ****         *  Custom Code
  60:Generated_Source\PSoC5/ADC_INT.c ****         *  - add user ISR code between the following #START and #END tags
  61:Generated_Source\PSoC5/ADC_INT.c ****         **************************************************************************/
  62:Generated_Source\PSoC5/ADC_INT.c ****         /* `#START MAIN_ADC_ISR1`  */
  63:Generated_Source\PSoC5/ADC_INT.c **** 
  64:Generated_Source\PSoC5/ADC_INT.c ****         /* `#END`  */
  65:Generated_Source\PSoC5/ADC_INT.c ****         
  66:Generated_Source\PSoC5/ADC_INT.c ****         /* Stop the conversion if conversion mode is single sample and resolution
  67:Generated_Source\PSoC5/ADC_INT.c ****         *  is above 16 bits.
  68:Generated_Source\PSoC5/ADC_INT.c ****         */
  69:Generated_Source\PSoC5/ADC_INT.c ****         #if(ADC_CFG1_RESOLUTION > 16 && \
  70:Generated_Source\PSoC5/ADC_INT.c ****             ADC_CFG1_CONV_MODE == ADC_MODE_SINGLE_SAMPLE)
  71:Generated_Source\PSoC5/ADC_INT.c ****             ADC_StopConvert();
  36              		.loc 1 71 0
  37 0002 FFF7FEFF 		bl	ADC_StopConvert
  38              	.LVL0:
  72:Generated_Source\PSoC5/ADC_INT.c ****             /* Software flag for checking conversion complete or not. Will be used when
  73:Generated_Source\PSoC5/ADC_INT.c ****             *  resolution is above 16 bits and conversion mode is single sample 
  74:Generated_Source\PSoC5/ADC_INT.c **** 			*/
  75:Generated_Source\PSoC5/ADC_INT.c ****             ADC_convDone = ADC_DEC_CONV_DONE;
  39              		.loc 1 75 0
ARM GAS  C:\Users\USUARIO\AppData\Local\Temp\ccRIw7mh.s 			page 3


  40 0006 0122     		movs	r2, #1
  41 0008 014B     		ldr	r3, .L3
  42 000a 1A70     		strb	r2, [r3]
  43 000c 08BD     		pop	{r3, pc}
  44              	.L4:
  45 000e 00BF     		.align	2
  46              	.L3:
  47 0010 00000000 		.word	ADC_convDone
  48              		.cfi_endproc
  49              	.LFE0:
  50              		.size	ADC_ISR1, .-ADC_ISR1
  51              		.section	.text.ADC_ISR2,"ax",%progbits
  52              		.align	2
  53              		.global	ADC_ISR2
  54              		.thumb
  55              		.thumb_func
  56              		.type	ADC_ISR2, %function
  57              	ADC_ISR2:
  58              	.LFB1:
  76:Generated_Source\PSoC5/ADC_INT.c ****         #endif /* Single sample conversion mode with resolution above 16 bits */
  77:Generated_Source\PSoC5/ADC_INT.c **** 
  78:Generated_Source\PSoC5/ADC_INT.c ****         #ifdef ADC_ISR1_EXIT_CALLBACK
  79:Generated_Source\PSoC5/ADC_INT.c ****             ADC_ISR1_ExitCallback();
  80:Generated_Source\PSoC5/ADC_INT.c ****         #endif /* ADC_ISR1_EXIT_CALLBACK */
  81:Generated_Source\PSoC5/ADC_INT.c ****     }
  82:Generated_Source\PSoC5/ADC_INT.c **** 
  83:Generated_Source\PSoC5/ADC_INT.c **** 
  84:Generated_Source\PSoC5/ADC_INT.c ****     /*****************************************************************************
  85:Generated_Source\PSoC5/ADC_INT.c ****     * Function Name: ADC_ISR2
  86:Generated_Source\PSoC5/ADC_INT.c ****     ******************************************************************************
  87:Generated_Source\PSoC5/ADC_INT.c ****     *
  88:Generated_Source\PSoC5/ADC_INT.c ****     * Summary:
  89:Generated_Source\PSoC5/ADC_INT.c ****     *  Handle Interrupt Service Routine.
  90:Generated_Source\PSoC5/ADC_INT.c ****     *
  91:Generated_Source\PSoC5/ADC_INT.c ****     * Parameters:
  92:Generated_Source\PSoC5/ADC_INT.c ****     *  None
  93:Generated_Source\PSoC5/ADC_INT.c ****     *
  94:Generated_Source\PSoC5/ADC_INT.c ****     * Return:
  95:Generated_Source\PSoC5/ADC_INT.c ****     *  None
  96:Generated_Source\PSoC5/ADC_INT.c ****     *
  97:Generated_Source\PSoC5/ADC_INT.c ****     * Reentrant:
  98:Generated_Source\PSoC5/ADC_INT.c ****     *  No
  99:Generated_Source\PSoC5/ADC_INT.c ****     *
 100:Generated_Source\PSoC5/ADC_INT.c ****     *****************************************************************************/
 101:Generated_Source\PSoC5/ADC_INT.c ****     CY_ISR( ADC_ISR2)
 102:Generated_Source\PSoC5/ADC_INT.c ****     {
  59              		.loc 1 102 0
  60              		.cfi_startproc
  61              		@ args = 0, pretend = 0, frame = 0
  62              		@ frame_needed = 0, uses_anonymous_args = 0
  63              		@ link register save eliminated.
  64 0000 7047     		bx	lr
  65              		.cfi_endproc
  66              	.LFE1:
  67              		.size	ADC_ISR2, .-ADC_ISR2
  68 0002 00BF     		.section	.text.ADC_ISR3,"ax",%progbits
  69              		.align	2
ARM GAS  C:\Users\USUARIO\AppData\Local\Temp\ccRIw7mh.s 			page 4


  70              		.global	ADC_ISR3
  71              		.thumb
  72              		.thumb_func
  73              		.type	ADC_ISR3, %function
  74              	ADC_ISR3:
  75              	.LFB2:
 103:Generated_Source\PSoC5/ADC_INT.c ****         #ifdef ADC_ISR2_ENTRY_CALLBACK
 104:Generated_Source\PSoC5/ADC_INT.c ****             ADC_ISR2_EntryCallback();
 105:Generated_Source\PSoC5/ADC_INT.c ****         #endif /* ADC_ISR2_ENTRY_CALLBACK */
 106:Generated_Source\PSoC5/ADC_INT.c ****         
 107:Generated_Source\PSoC5/ADC_INT.c ****         
 108:Generated_Source\PSoC5/ADC_INT.c ****         /***************************************************************************
 109:Generated_Source\PSoC5/ADC_INT.c ****         *  Custom Code
 110:Generated_Source\PSoC5/ADC_INT.c ****         *  - add user ISR code between the following #START and #END tags
 111:Generated_Source\PSoC5/ADC_INT.c ****         **************************************************************************/
 112:Generated_Source\PSoC5/ADC_INT.c ****         /* `#START MAIN_ADC_ISR2`  */
 113:Generated_Source\PSoC5/ADC_INT.c **** 
 114:Generated_Source\PSoC5/ADC_INT.c ****         /* `#END`  */
 115:Generated_Source\PSoC5/ADC_INT.c **** 
 116:Generated_Source\PSoC5/ADC_INT.c ****         /* Stop the conversion conversion mode is single sample and resolution
 117:Generated_Source\PSoC5/ADC_INT.c ****         *  is above 16 bits.
 118:Generated_Source\PSoC5/ADC_INT.c ****         */
 119:Generated_Source\PSoC5/ADC_INT.c ****         #if(ADC_CFG2_RESOLUTION > 16 && \
 120:Generated_Source\PSoC5/ADC_INT.c ****             ADC_CFG2_CONVMODE == ADC_MODE_SINGLE_SAMPLE)
 121:Generated_Source\PSoC5/ADC_INT.c ****             ADC_StopConvert();
 122:Generated_Source\PSoC5/ADC_INT.c ****             /* Software flag for checking conversion complete or not. Will be used when
 123:Generated_Source\PSoC5/ADC_INT.c ****             *   resolution is above 16 bits and conversion mode is single sample 
 124:Generated_Source\PSoC5/ADC_INT.c **** 			*/
 125:Generated_Source\PSoC5/ADC_INT.c ****             ADC_convDone = ADC_DEC_CONV_DONE;
 126:Generated_Source\PSoC5/ADC_INT.c ****         #endif /* Single sample conversion mode with resolution above 16 bits */
 127:Generated_Source\PSoC5/ADC_INT.c **** 
 128:Generated_Source\PSoC5/ADC_INT.c ****         #ifdef ADC_ISR2_EXIT_CALLBACK
 129:Generated_Source\PSoC5/ADC_INT.c ****             ADC_ISR2_ExitCallback();
 130:Generated_Source\PSoC5/ADC_INT.c ****         #endif /* ADC_ISR2_EXIT_CALLBACK */
 131:Generated_Source\PSoC5/ADC_INT.c ****     }
 132:Generated_Source\PSoC5/ADC_INT.c **** 
 133:Generated_Source\PSoC5/ADC_INT.c **** 
 134:Generated_Source\PSoC5/ADC_INT.c ****     /*****************************************************************************
 135:Generated_Source\PSoC5/ADC_INT.c ****     * Function Name: ADC_ISR3
 136:Generated_Source\PSoC5/ADC_INT.c ****     ******************************************************************************
 137:Generated_Source\PSoC5/ADC_INT.c ****     *
 138:Generated_Source\PSoC5/ADC_INT.c ****     * Summary:
 139:Generated_Source\PSoC5/ADC_INT.c ****     *  Handle Interrupt Service Routine.
 140:Generated_Source\PSoC5/ADC_INT.c ****     *
 141:Generated_Source\PSoC5/ADC_INT.c ****     * Parameters:
 142:Generated_Source\PSoC5/ADC_INT.c ****     *  None
 143:Generated_Source\PSoC5/ADC_INT.c ****     *
 144:Generated_Source\PSoC5/ADC_INT.c ****     * Return:
 145:Generated_Source\PSoC5/ADC_INT.c ****     *  None
 146:Generated_Source\PSoC5/ADC_INT.c ****     *
 147:Generated_Source\PSoC5/ADC_INT.c ****     * Reentrant:
 148:Generated_Source\PSoC5/ADC_INT.c ****     *  No
 149:Generated_Source\PSoC5/ADC_INT.c ****     *
 150:Generated_Source\PSoC5/ADC_INT.c ****     *****************************************************************************/
 151:Generated_Source\PSoC5/ADC_INT.c ****     CY_ISR( ADC_ISR3)
 152:Generated_Source\PSoC5/ADC_INT.c ****     {
  76              		.loc 1 152 0
ARM GAS  C:\Users\USUARIO\AppData\Local\Temp\ccRIw7mh.s 			page 5


  77              		.cfi_startproc
  78              		@ args = 0, pretend = 0, frame = 0
  79              		@ frame_needed = 0, uses_anonymous_args = 0
  80              		@ link register save eliminated.
  81 0000 7047     		bx	lr
  82              		.cfi_endproc
  83              	.LFE2:
  84              		.size	ADC_ISR3, .-ADC_ISR3
  85 0002 00BF     		.section	.text.ADC_ISR4,"ax",%progbits
  86              		.align	2
  87              		.global	ADC_ISR4
  88              		.thumb
  89              		.thumb_func
  90              		.type	ADC_ISR4, %function
  91              	ADC_ISR4:
  92              	.LFB3:
 153:Generated_Source\PSoC5/ADC_INT.c ****         #ifdef ADC_ISR3_ENTRY_CALLBACK
 154:Generated_Source\PSoC5/ADC_INT.c ****             ADC_ISR3_EntryCallback();
 155:Generated_Source\PSoC5/ADC_INT.c ****         #endif /* ADC_ISR3_ENTRY_CALLBACK */        
 156:Generated_Source\PSoC5/ADC_INT.c **** 
 157:Generated_Source\PSoC5/ADC_INT.c ****         
 158:Generated_Source\PSoC5/ADC_INT.c ****         /***************************************************************************
 159:Generated_Source\PSoC5/ADC_INT.c ****         *  Custom Code
 160:Generated_Source\PSoC5/ADC_INT.c ****         *  - add user ISR code between the following #START and #END tags
 161:Generated_Source\PSoC5/ADC_INT.c ****         **************************************************************************/
 162:Generated_Source\PSoC5/ADC_INT.c ****         /* `#START MAIN_ADC_ISR3`  */
 163:Generated_Source\PSoC5/ADC_INT.c **** 
 164:Generated_Source\PSoC5/ADC_INT.c ****         /* `#END`  */
 165:Generated_Source\PSoC5/ADC_INT.c ****         
 166:Generated_Source\PSoC5/ADC_INT.c ****         /* Stop the conversion if conversion mode is set to single sample and
 167:Generated_Source\PSoC5/ADC_INT.c ****         *  resolution is above 16 bits.
 168:Generated_Source\PSoC5/ADC_INT.c ****         */
 169:Generated_Source\PSoC5/ADC_INT.c ****         #if(ADC_CFG3_RESOLUTION > 16 && \
 170:Generated_Source\PSoC5/ADC_INT.c ****             ADC_CFG3_CONVMODE == ADC_MODE_SINGLE_SAMPLE)
 171:Generated_Source\PSoC5/ADC_INT.c ****             ADC_StopConvert();
 172:Generated_Source\PSoC5/ADC_INT.c ****             /* Software flag for checking conversion complete or not. Will be used when
 173:Generated_Source\PSoC5/ADC_INT.c ****             *  resolution is above 16 bits and conversion mode is single sample 
 174:Generated_Source\PSoC5/ADC_INT.c **** 			*/
 175:Generated_Source\PSoC5/ADC_INT.c ****             ADC_convDone = ADC_DEC_CONV_DONE;
 176:Generated_Source\PSoC5/ADC_INT.c ****         #endif /* Single sample conversion mode with resolution above 16 bits */
 177:Generated_Source\PSoC5/ADC_INT.c **** 
 178:Generated_Source\PSoC5/ADC_INT.c ****         #ifdef ADC_ISR3_EXIT_CALLBACK
 179:Generated_Source\PSoC5/ADC_INT.c ****             ADC_ISR3_ExitCallback();
 180:Generated_Source\PSoC5/ADC_INT.c ****         #endif /* ADC_ISR3_EXIT_CALLBACK */        
 181:Generated_Source\PSoC5/ADC_INT.c ****     }
 182:Generated_Source\PSoC5/ADC_INT.c **** 
 183:Generated_Source\PSoC5/ADC_INT.c **** 
 184:Generated_Source\PSoC5/ADC_INT.c ****     /*****************************************************************************
 185:Generated_Source\PSoC5/ADC_INT.c ****     * Function Name: ADC_ISR4
 186:Generated_Source\PSoC5/ADC_INT.c ****     ******************************************************************************
 187:Generated_Source\PSoC5/ADC_INT.c ****     *
 188:Generated_Source\PSoC5/ADC_INT.c ****     * Summary:
 189:Generated_Source\PSoC5/ADC_INT.c ****     *  Handle Interrupt Service Routine.
 190:Generated_Source\PSoC5/ADC_INT.c ****     *
 191:Generated_Source\PSoC5/ADC_INT.c ****     * Parameters:
 192:Generated_Source\PSoC5/ADC_INT.c ****     *  None
 193:Generated_Source\PSoC5/ADC_INT.c ****     *
ARM GAS  C:\Users\USUARIO\AppData\Local\Temp\ccRIw7mh.s 			page 6


 194:Generated_Source\PSoC5/ADC_INT.c ****     * Return:
 195:Generated_Source\PSoC5/ADC_INT.c ****     *  None
 196:Generated_Source\PSoC5/ADC_INT.c ****     *
 197:Generated_Source\PSoC5/ADC_INT.c ****     * Reentrant:
 198:Generated_Source\PSoC5/ADC_INT.c ****     *  No
 199:Generated_Source\PSoC5/ADC_INT.c ****     *
 200:Generated_Source\PSoC5/ADC_INT.c ****     *****************************************************************************/
 201:Generated_Source\PSoC5/ADC_INT.c ****     CY_ISR( ADC_ISR4)
 202:Generated_Source\PSoC5/ADC_INT.c ****     {
  93              		.loc 1 202 0
  94              		.cfi_startproc
  95              		@ args = 0, pretend = 0, frame = 0
  96              		@ frame_needed = 0, uses_anonymous_args = 0
  97              		@ link register save eliminated.
  98 0000 7047     		bx	lr
  99              		.cfi_endproc
 100              	.LFE3:
 101              		.size	ADC_ISR4, .-ADC_ISR4
 102 0002 00BF     		.text
 103              	.Letext0:
 104              		.file 2 "Generated_Source\\PSoC5\\cytypes.h"
 105              		.file 3 "Generated_Source\\PSoC5\\ADC.h"
 106              		.section	.debug_info,"",%progbits
 107              	.Ldebug_info0:
 108 0000 04010000 		.4byte	0x104
 109 0004 0400     		.2byte	0x4
 110 0006 00000000 		.4byte	.Ldebug_abbrev0
 111 000a 04       		.byte	0x4
 112 000b 01       		.uleb128 0x1
 113 000c 2E000000 		.4byte	.LASF17
 114 0010 0C       		.byte	0xc
 115 0011 08020000 		.4byte	.LASF18
 116 0015 2C010000 		.4byte	.LASF19
 117 0019 00000000 		.4byte	.Ldebug_ranges0+0
 118 001d 00000000 		.4byte	0
 119 0021 00000000 		.4byte	.Ldebug_line0
 120 0025 02       		.uleb128 0x2
 121 0026 01       		.byte	0x1
 122 0027 06       		.byte	0x6
 123 0028 E6010000 		.4byte	.LASF0
 124 002c 02       		.uleb128 0x2
 125 002d 01       		.byte	0x1
 126 002e 08       		.byte	0x8
 127 002f F1000000 		.4byte	.LASF1
 128 0033 02       		.uleb128 0x2
 129 0034 02       		.byte	0x2
 130 0035 05       		.byte	0x5
 131 0036 FE010000 		.4byte	.LASF2
 132 003a 02       		.uleb128 0x2
 133 003b 02       		.byte	0x2
 134 003c 07       		.byte	0x7
 135 003d 0E000000 		.4byte	.LASF3
 136 0041 02       		.uleb128 0x2
 137 0042 04       		.byte	0x4
 138 0043 05       		.byte	0x5
 139 0044 23010000 		.4byte	.LASF4
 140 0048 02       		.uleb128 0x2
ARM GAS  C:\Users\USUARIO\AppData\Local\Temp\ccRIw7mh.s 			page 7


 141 0049 04       		.byte	0x4
 142 004a 07       		.byte	0x7
 143 004b C2000000 		.4byte	.LASF5
 144 004f 02       		.uleb128 0x2
 145 0050 08       		.byte	0x8
 146 0051 05       		.byte	0x5
 147 0052 00000000 		.4byte	.LASF6
 148 0056 02       		.uleb128 0x2
 149 0057 08       		.byte	0x8
 150 0058 07       		.byte	0x7
 151 0059 D4000000 		.4byte	.LASF7
 152 005d 03       		.uleb128 0x3
 153 005e 04       		.byte	0x4
 154 005f 05       		.byte	0x5
 155 0060 696E7400 		.ascii	"int\000"
 156 0064 02       		.uleb128 0x2
 157 0065 04       		.byte	0x4
 158 0066 07       		.byte	0x7
 159 0067 21000000 		.4byte	.LASF8
 160 006b 04       		.uleb128 0x4
 161 006c BC000000 		.4byte	.LASF20
 162 0070 02       		.byte	0x2
 163 0071 9201     		.2byte	0x192
 164 0073 2C000000 		.4byte	0x2c
 165 0077 02       		.uleb128 0x2
 166 0078 04       		.byte	0x4
 167 0079 04       		.byte	0x4
 168 007a EB000000 		.4byte	.LASF9
 169 007e 02       		.uleb128 0x2
 170 007f 08       		.byte	0x8
 171 0080 04       		.byte	0x4
 172 0081 BD010000 		.4byte	.LASF10
 173 0085 02       		.uleb128 0x2
 174 0086 01       		.byte	0x1
 175 0087 08       		.byte	0x8
 176 0088 08010000 		.4byte	.LASF11
 177 008c 05       		.uleb128 0x5
 178 008d 6B000000 		.4byte	0x6b
 179 0091 02       		.uleb128 0x2
 180 0092 08       		.byte	0x8
 181 0093 04       		.byte	0x4
 182 0094 F2010000 		.4byte	.LASF12
 183 0098 02       		.uleb128 0x2
 184 0099 04       		.byte	0x4
 185 009a 07       		.byte	0x7
 186 009b 29020000 		.4byte	.LASF13
 187 009f 06       		.uleb128 0x6
 188 00a0 C4010000 		.4byte	.LASF21
 189 00a4 01       		.byte	0x1
 190 00a5 33       		.byte	0x33
 191 00a6 00000000 		.4byte	.LFB0
 192 00aa 14000000 		.4byte	.LFE0-.LFB0
 193 00ae 01       		.uleb128 0x1
 194 00af 9C       		.byte	0x9c
 195 00b0 BE000000 		.4byte	0xbe
 196 00b4 07       		.uleb128 0x7
 197 00b5 06000000 		.4byte	.LVL0
ARM GAS  C:\Users\USUARIO\AppData\Local\Temp\ccRIw7mh.s 			page 8


 198 00b9 FC000000 		.4byte	0xfc
 199 00bd 00       		.byte	0
 200 00be 08       		.uleb128 0x8
 201 00bf CD010000 		.4byte	.LASF14
 202 00c3 01       		.byte	0x1
 203 00c4 65       		.byte	0x65
 204 00c5 00000000 		.4byte	.LFB1
 205 00c9 02000000 		.4byte	.LFE1-.LFB1
 206 00cd 01       		.uleb128 0x1
 207 00ce 9C       		.byte	0x9c
 208 00cf 08       		.uleb128 0x8
 209 00d0 FF000000 		.4byte	.LASF15
 210 00d4 01       		.byte	0x1
 211 00d5 97       		.byte	0x97
 212 00d6 00000000 		.4byte	.LFB2
 213 00da 02000000 		.4byte	.LFE2-.LFB2
 214 00de 01       		.uleb128 0x1
 215 00df 9C       		.byte	0x9c
 216 00e0 08       		.uleb128 0x8
 217 00e1 0D010000 		.4byte	.LASF16
 218 00e5 01       		.byte	0x1
 219 00e6 C9       		.byte	0xc9
 220 00e7 00000000 		.4byte	.LFB3
 221 00eb 02000000 		.4byte	.LFE3-.LFB3
 222 00ef 01       		.uleb128 0x1
 223 00f0 9C       		.byte	0x9c
 224 00f1 09       		.uleb128 0x9
 225 00f2 16010000 		.4byte	.LASF22
 226 00f6 03       		.byte	0x3
 227 00f7 FB       		.byte	0xfb
 228 00f8 8C000000 		.4byte	0x8c
 229 00fc 0A       		.uleb128 0xa
 230 00fd D6010000 		.4byte	.LASF23
 231 0101 D6010000 		.4byte	.LASF23
 232 0105 03       		.byte	0x3
 233 0106 3E       		.byte	0x3e
 234 0107 00       		.byte	0
 235              		.section	.debug_abbrev,"",%progbits
 236              	.Ldebug_abbrev0:
 237 0000 01       		.uleb128 0x1
 238 0001 11       		.uleb128 0x11
 239 0002 01       		.byte	0x1
 240 0003 25       		.uleb128 0x25
 241 0004 0E       		.uleb128 0xe
 242 0005 13       		.uleb128 0x13
 243 0006 0B       		.uleb128 0xb
 244 0007 03       		.uleb128 0x3
 245 0008 0E       		.uleb128 0xe
 246 0009 1B       		.uleb128 0x1b
 247 000a 0E       		.uleb128 0xe
 248 000b 55       		.uleb128 0x55
 249 000c 17       		.uleb128 0x17
 250 000d 11       		.uleb128 0x11
 251 000e 01       		.uleb128 0x1
 252 000f 10       		.uleb128 0x10
 253 0010 17       		.uleb128 0x17
 254 0011 00       		.byte	0
ARM GAS  C:\Users\USUARIO\AppData\Local\Temp\ccRIw7mh.s 			page 9


 255 0012 00       		.byte	0
 256 0013 02       		.uleb128 0x2
 257 0014 24       		.uleb128 0x24
 258 0015 00       		.byte	0
 259 0016 0B       		.uleb128 0xb
 260 0017 0B       		.uleb128 0xb
 261 0018 3E       		.uleb128 0x3e
 262 0019 0B       		.uleb128 0xb
 263 001a 03       		.uleb128 0x3
 264 001b 0E       		.uleb128 0xe
 265 001c 00       		.byte	0
 266 001d 00       		.byte	0
 267 001e 03       		.uleb128 0x3
 268 001f 24       		.uleb128 0x24
 269 0020 00       		.byte	0
 270 0021 0B       		.uleb128 0xb
 271 0022 0B       		.uleb128 0xb
 272 0023 3E       		.uleb128 0x3e
 273 0024 0B       		.uleb128 0xb
 274 0025 03       		.uleb128 0x3
 275 0026 08       		.uleb128 0x8
 276 0027 00       		.byte	0
 277 0028 00       		.byte	0
 278 0029 04       		.uleb128 0x4
 279 002a 16       		.uleb128 0x16
 280 002b 00       		.byte	0
 281 002c 03       		.uleb128 0x3
 282 002d 0E       		.uleb128 0xe
 283 002e 3A       		.uleb128 0x3a
 284 002f 0B       		.uleb128 0xb
 285 0030 3B       		.uleb128 0x3b
 286 0031 05       		.uleb128 0x5
 287 0032 49       		.uleb128 0x49
 288 0033 13       		.uleb128 0x13
 289 0034 00       		.byte	0
 290 0035 00       		.byte	0
 291 0036 05       		.uleb128 0x5
 292 0037 35       		.uleb128 0x35
 293 0038 00       		.byte	0
 294 0039 49       		.uleb128 0x49
 295 003a 13       		.uleb128 0x13
 296 003b 00       		.byte	0
 297 003c 00       		.byte	0
 298 003d 06       		.uleb128 0x6
 299 003e 2E       		.uleb128 0x2e
 300 003f 01       		.byte	0x1
 301 0040 3F       		.uleb128 0x3f
 302 0041 19       		.uleb128 0x19
 303 0042 03       		.uleb128 0x3
 304 0043 0E       		.uleb128 0xe
 305 0044 3A       		.uleb128 0x3a
 306 0045 0B       		.uleb128 0xb
 307 0046 3B       		.uleb128 0x3b
 308 0047 0B       		.uleb128 0xb
 309 0048 27       		.uleb128 0x27
 310 0049 19       		.uleb128 0x19
 311 004a 11       		.uleb128 0x11
ARM GAS  C:\Users\USUARIO\AppData\Local\Temp\ccRIw7mh.s 			page 10


 312 004b 01       		.uleb128 0x1
 313 004c 12       		.uleb128 0x12
 314 004d 06       		.uleb128 0x6
 315 004e 40       		.uleb128 0x40
 316 004f 18       		.uleb128 0x18
 317 0050 9742     		.uleb128 0x2117
 318 0052 19       		.uleb128 0x19
 319 0053 01       		.uleb128 0x1
 320 0054 13       		.uleb128 0x13
 321 0055 00       		.byte	0
 322 0056 00       		.byte	0
 323 0057 07       		.uleb128 0x7
 324 0058 898201   		.uleb128 0x4109
 325 005b 00       		.byte	0
 326 005c 11       		.uleb128 0x11
 327 005d 01       		.uleb128 0x1
 328 005e 31       		.uleb128 0x31
 329 005f 13       		.uleb128 0x13
 330 0060 00       		.byte	0
 331 0061 00       		.byte	0
 332 0062 08       		.uleb128 0x8
 333 0063 2E       		.uleb128 0x2e
 334 0064 00       		.byte	0
 335 0065 3F       		.uleb128 0x3f
 336 0066 19       		.uleb128 0x19
 337 0067 03       		.uleb128 0x3
 338 0068 0E       		.uleb128 0xe
 339 0069 3A       		.uleb128 0x3a
 340 006a 0B       		.uleb128 0xb
 341 006b 3B       		.uleb128 0x3b
 342 006c 0B       		.uleb128 0xb
 343 006d 27       		.uleb128 0x27
 344 006e 19       		.uleb128 0x19
 345 006f 11       		.uleb128 0x11
 346 0070 01       		.uleb128 0x1
 347 0071 12       		.uleb128 0x12
 348 0072 06       		.uleb128 0x6
 349 0073 40       		.uleb128 0x40
 350 0074 18       		.uleb128 0x18
 351 0075 9742     		.uleb128 0x2117
 352 0077 19       		.uleb128 0x19
 353 0078 00       		.byte	0
 354 0079 00       		.byte	0
 355 007a 09       		.uleb128 0x9
 356 007b 34       		.uleb128 0x34
 357 007c 00       		.byte	0
 358 007d 03       		.uleb128 0x3
 359 007e 0E       		.uleb128 0xe
 360 007f 3A       		.uleb128 0x3a
 361 0080 0B       		.uleb128 0xb
 362 0081 3B       		.uleb128 0x3b
 363 0082 0B       		.uleb128 0xb
 364 0083 49       		.uleb128 0x49
 365 0084 13       		.uleb128 0x13
 366 0085 3F       		.uleb128 0x3f
 367 0086 19       		.uleb128 0x19
 368 0087 3C       		.uleb128 0x3c
ARM GAS  C:\Users\USUARIO\AppData\Local\Temp\ccRIw7mh.s 			page 11


 369 0088 19       		.uleb128 0x19
 370 0089 00       		.byte	0
 371 008a 00       		.byte	0
 372 008b 0A       		.uleb128 0xa
 373 008c 2E       		.uleb128 0x2e
 374 008d 00       		.byte	0
 375 008e 3F       		.uleb128 0x3f
 376 008f 19       		.uleb128 0x19
 377 0090 3C       		.uleb128 0x3c
 378 0091 19       		.uleb128 0x19
 379 0092 6E       		.uleb128 0x6e
 380 0093 0E       		.uleb128 0xe
 381 0094 03       		.uleb128 0x3
 382 0095 0E       		.uleb128 0xe
 383 0096 3A       		.uleb128 0x3a
 384 0097 0B       		.uleb128 0xb
 385 0098 3B       		.uleb128 0x3b
 386 0099 0B       		.uleb128 0xb
 387 009a 00       		.byte	0
 388 009b 00       		.byte	0
 389 009c 00       		.byte	0
 390              		.section	.debug_aranges,"",%progbits
 391 0000 34000000 		.4byte	0x34
 392 0004 0200     		.2byte	0x2
 393 0006 00000000 		.4byte	.Ldebug_info0
 394 000a 04       		.byte	0x4
 395 000b 00       		.byte	0
 396 000c 0000     		.2byte	0
 397 000e 0000     		.2byte	0
 398 0010 00000000 		.4byte	.LFB0
 399 0014 14000000 		.4byte	.LFE0-.LFB0
 400 0018 00000000 		.4byte	.LFB1
 401 001c 02000000 		.4byte	.LFE1-.LFB1
 402 0020 00000000 		.4byte	.LFB2
 403 0024 02000000 		.4byte	.LFE2-.LFB2
 404 0028 00000000 		.4byte	.LFB3
 405 002c 02000000 		.4byte	.LFE3-.LFB3
 406 0030 00000000 		.4byte	0
 407 0034 00000000 		.4byte	0
 408              		.section	.debug_ranges,"",%progbits
 409              	.Ldebug_ranges0:
 410 0000 00000000 		.4byte	.LFB0
 411 0004 14000000 		.4byte	.LFE0
 412 0008 00000000 		.4byte	.LFB1
 413 000c 02000000 		.4byte	.LFE1
 414 0010 00000000 		.4byte	.LFB2
 415 0014 02000000 		.4byte	.LFE2
 416 0018 00000000 		.4byte	.LFB3
 417 001c 02000000 		.4byte	.LFE3
 418 0020 00000000 		.4byte	0
 419 0024 00000000 		.4byte	0
 420              		.section	.debug_line,"",%progbits
 421              	.Ldebug_line0:
 422 0000 96000000 		.section	.debug_str,"MS",%progbits,1
 422      02004D00 
 422      00000201 
 422      FB0E0D00 
ARM GAS  C:\Users\USUARIO\AppData\Local\Temp\ccRIw7mh.s 			page 12


 422      01010101 
 423              	.LASF6:
 424 0000 6C6F6E67 		.ascii	"long long int\000"
 424      206C6F6E 
 424      6720696E 
 424      7400
 425              	.LASF3:
 426 000e 73686F72 		.ascii	"short unsigned int\000"
 426      7420756E 
 426      7369676E 
 426      65642069 
 426      6E7400
 427              	.LASF8:
 428 0021 756E7369 		.ascii	"unsigned int\000"
 428      676E6564 
 428      20696E74 
 428      00
 429              	.LASF17:
 430 002e 474E5520 		.ascii	"GNU C11 5.4.1 20160609 (release) [ARM/embedded-5-br"
 430      43313120 
 430      352E342E 
 430      31203230 
 430      31363036 
 431 0061 616E6368 		.ascii	"anch revision 237715] -mcpu=cortex-m3 -mthumb -g -O"
 431      20726576 
 431      6973696F 
 431      6E203233 
 431      37373135 
 432 0094 67202D66 		.ascii	"g -ffunction-sections -ffat-lto-objects\000"
 432      66756E63 
 432      74696F6E 
 432      2D736563 
 432      74696F6E 
 433              	.LASF20:
 434 00bc 75696E74 		.ascii	"uint8\000"
 434      3800
 435              	.LASF5:
 436 00c2 6C6F6E67 		.ascii	"long unsigned int\000"
 436      20756E73 
 436      69676E65 
 436      6420696E 
 436      7400
 437              	.LASF7:
 438 00d4 6C6F6E67 		.ascii	"long long unsigned int\000"
 438      206C6F6E 
 438      6720756E 
 438      7369676E 
 438      65642069 
 439              	.LASF9:
 440 00eb 666C6F61 		.ascii	"float\000"
 440      7400
 441              	.LASF1:
 442 00f1 756E7369 		.ascii	"unsigned char\000"
 442      676E6564 
 442      20636861 
 442      7200
 443              	.LASF15:
ARM GAS  C:\Users\USUARIO\AppData\Local\Temp\ccRIw7mh.s 			page 13


 444 00ff 4144435F 		.ascii	"ADC_ISR3\000"
 444      49535233 
 444      00
 445              	.LASF11:
 446 0108 63686172 		.ascii	"char\000"
 446      00
 447              	.LASF16:
 448 010d 4144435F 		.ascii	"ADC_ISR4\000"
 448      49535234 
 448      00
 449              	.LASF22:
 450 0116 4144435F 		.ascii	"ADC_convDone\000"
 450      636F6E76 
 450      446F6E65 
 450      00
 451              	.LASF4:
 452 0123 6C6F6E67 		.ascii	"long int\000"
 452      20696E74 
 452      00
 453              	.LASF19:
 454 012c 443A5C4C 		.ascii	"D:\\Laboratorio\\Incubadora\\2020\\Incubadora Refri"
 454      61626F72 
 454      61746F72 
 454      696F5C49 
 454      6E637562 
 455 015b 67657261 		.ascii	"gerada Peltier Touch DYM 750L #0045884XX OP2020354\\"
 455      64612050 
 455      656C7469 
 455      65722054 
 455      6F756368 
 456 018e 4669726D 		.ascii	"Firmware Psoc\\LCD2\\IncubadoraRefrigerada.cydsn\000"
 456      77617265 
 456      2050736F 
 456      635C4C43 
 456      44325C49 
 457              	.LASF10:
 458 01bd 646F7562 		.ascii	"double\000"
 458      6C6500
 459              	.LASF21:
 460 01c4 4144435F 		.ascii	"ADC_ISR1\000"
 460      49535231 
 460      00
 461              	.LASF14:
 462 01cd 4144435F 		.ascii	"ADC_ISR2\000"
 462      49535232 
 462      00
 463              	.LASF23:
 464 01d6 4144435F 		.ascii	"ADC_StopConvert\000"
 464      53746F70 
 464      436F6E76 
 464      65727400 
 465              	.LASF0:
 466 01e6 7369676E 		.ascii	"signed char\000"
 466      65642063 
 466      68617200 
 467              	.LASF12:
 468 01f2 6C6F6E67 		.ascii	"long double\000"
ARM GAS  C:\Users\USUARIO\AppData\Local\Temp\ccRIw7mh.s 			page 14


 468      20646F75 
 468      626C6500 
 469              	.LASF2:
 470 01fe 73686F72 		.ascii	"short int\000"
 470      7420696E 
 470      7400
 471              	.LASF18:
 472 0208 47656E65 		.ascii	"Generated_Source\\PSoC5\\ADC_INT.c\000"
 472      72617465 
 472      645F536F 
 472      75726365 
 472      5C50536F 
 473              	.LASF13:
 474 0229 73697A65 		.ascii	"sizetype\000"
 474      74797065 
 474      00
 475              		.ident	"GCC: (GNU Tools for ARM Embedded Processors) 5.4.1 20160609 (release) [ARM/embedded-5-bran
