ARM GAS  C:\Users\USUARIO\AppData\Local\Temp\ccFRNt6D.s 			page 1


   1              		.syntax unified
   2              		.cpu cortex-m3
   3              		.fpu softvfp
   4              		.eabi_attribute 20, 1
   5              		.eabi_attribute 21, 1
   6              		.eabi_attribute 23, 3
   7              		.eabi_attribute 24, 1
   8              		.eabi_attribute 25, 1
   9              		.eabi_attribute 26, 1
  10              		.eabi_attribute 30, 1
  11              		.eabi_attribute 34, 1
  12              		.eabi_attribute 18, 4
  13              		.thumb
  14              		.syntax unified
  15              		.file	"getResistance.c"
  16              		.text
  17              	.Ltext0:
  18              		.cfi_sections	.debug_frame
  19              		.global	__aeabi_f2iz
  20              		.global	__aeabi_i2f
  21              		.global	__aeabi_fsub
  22              		.global	__aeabi_fmul
  23              		.global	__aeabi_f2uiz
  24              		.section	.text.extraeDecimal,"ax",%progbits
  25              		.align	2
  26              		.global	extraeDecimal
  27              		.thumb
  28              		.thumb_func
  29              		.type	extraeDecimal, %function
  30              	extraeDecimal:
  31              	.LFB64:
  32              		.file 1 "getResistance.c"
   1:getResistance.c **** /******************************************************************************
   2:getResistance.c **** * File Name: getResistance.c
   3:getResistance.c **** *  Version 2.0
   4:getResistance.c **** *
   5:getResistance.c **** * Description:
   6:getResistance.c **** *  This file contains two functions that are used to find the RTD resistance.
   7:getResistance.c **** * 
   8:getResistance.c **** * Note:
   9:getResistance.c **** *
  10:getResistance.c **** ********************************************************************************
  11:getResistance.c **** * Copyright (2015), Cypress Semiconductor Corporation. All Rights Reserved.
  12:getResistance.c **** ********************************************************************************
  13:getResistance.c **** * This software is owned by Cypress Semiconductor Corporation (Cypress)
  14:getResistance.c **** * and is protected by and subject to worldwide patent protection (United
  15:getResistance.c **** * States and foreign), United States copyright laws and international treaty
  16:getResistance.c **** * provisions. Cypress hereby grants to licensee a personal, non-exclusive,
  17:getResistance.c **** * non-transferable license to copy, use, modify, create derivative works of,
  18:getResistance.c **** * and compile the Cypress Source Code and derivative works for the sole
  19:getResistance.c **** * purpose of creating custom software in support of licensee product to be
  20:getResistance.c **** * used only in conjunction with a Cypress integrated circuit as specified in
  21:getResistance.c **** * the applicable agreement. Any reproduction, modification, translation,
  22:getResistance.c **** * compilation, or representation of this software except as specified above 
  23:getResistance.c **** * is prohibited without the express written permission of Cypress.
  24:getResistance.c **** *
  25:getResistance.c **** * Disclaimer: CYPRESS MAKES NO WARRANTY OF ANY KIND, EXPRESS OR IMPLIED, WITH 
ARM GAS  C:\Users\USUARIO\AppData\Local\Temp\ccFRNt6D.s 			page 2


  26:getResistance.c **** * REGARD TO THIS MATERIAL, INCLUDING, BUT NOT LIMITED TO, THE IMPLIED 
  27:getResistance.c **** * WARRANTIES OF MERCHANTABILITY AND FITNESS FOR A PARTICULAR PURPOSE.
  28:getResistance.c **** * Cypress reserves the right to make changes without further notice to the 
  29:getResistance.c **** * materials described herein. Cypress does not assume any liability arising out 
  30:getResistance.c **** * of the application or use of any product or circuit described herein. Cypress 
  31:getResistance.c **** * does not authorize its products for use as critical components in life-support 
  32:getResistance.c **** * systems where a malfunction or failure may reasonably be expected to result in 
  33:getResistance.c **** * significant injury to the user. The inclusion of Cypress' product in a life-
  34:getResistance.c **** * support systems application implies that the manufacturer assumes all risk of 
  35:getResistance.c **** * such use and in doing so indemnifies Cypress against all charges. 
  36:getResistance.c **** *
  37:getResistance.c **** * Use of this Software may be limited by and subject to the applicable Cypress
  38:getResistance.c **** * software license agreement. 
  39:getResistance.c **** *******************************************************************************/
  40:getResistance.c **** #include "getResistance.h"
  41:getResistance.c **** #include "removeOffsetNoise.h"
  42:getResistance.c **** #include "main.h"
  43:getResistance.c **** 
  44:getResistance.c **** uint8 i;
  45:getResistance.c **** uint8 l2,h2;
  46:getResistance.c **** uint16 Prom;
  47:getResistance.c **** uint16 promedio2[20];
  48:getResistance.c **** 
  49:getResistance.c **** uint8 extraeDecimal(float data){
  33              		.loc 1 49 0
  34              		.cfi_startproc
  35              		@ args = 0, pretend = 0, frame = 0
  36              		@ frame_needed = 0, uses_anonymous_args = 0
  37              	.LVL0:
  38 0000 10B5     		push	{r4, lr}
  39              		.cfi_def_cfa_offset 8
  40              		.cfi_offset 4, -8
  41              		.cfi_offset 14, -4
  42 0002 0446     		mov	r4, r0
  43              	.LVL1:
  50:getResistance.c ****    float entero=0;
  51:getResistance.c ****    float tmp=0.0;
  52:getResistance.c ****    
  53:getResistance.c ****    entero=(int8)data;
  44              		.loc 1 53 0
  45 0004 FFF7FEFF 		bl	__aeabi_f2iz
  46              	.LVL2:
  47 0008 40B2     		sxtb	r0, r0
  48 000a FFF7FEFF 		bl	__aeabi_i2f
  49              	.LVL3:
  54:getResistance.c ****    tmp=(data-entero)*10;
  50              		.loc 1 54 0
  51 000e 0146     		mov	r1, r0
  52 0010 2046     		mov	r0, r4
  53              	.LVL4:
  54 0012 FFF7FEFF 		bl	__aeabi_fsub
  55              	.LVL5:
  56 0016 0349     		ldr	r1, .L3
  57 0018 FFF7FEFF 		bl	__aeabi_fmul
  58              	.LVL6:
  55:getResistance.c ****    return (uint8)tmp;
  59              		.loc 1 55 0
ARM GAS  C:\Users\USUARIO\AppData\Local\Temp\ccFRNt6D.s 			page 3


  60 001c FFF7FEFF 		bl	__aeabi_f2uiz
  61              	.LVL7:
  56:getResistance.c **** }
  62              		.loc 1 56 0
  63 0020 C0B2     		uxtb	r0, r0
  64 0022 10BD     		pop	{r4, pc}
  65              	.LVL8:
  66              	.L4:
  67              		.align	2
  68              	.L3:
  69 0024 00002041 		.word	1092616192
  70              		.cfi_endproc
  71              	.LFE64:
  72              		.size	extraeDecimal, .-extraeDecimal
  73              		.global	__aeabi_ui2f
  74              		.global	__aeabi_fdiv
  75              		.section	.text.inttofloat,"ax",%progbits
  76              		.align	2
  77              		.global	inttofloat
  78              		.thumb
  79              		.thumb_func
  80              		.type	inttofloat, %function
  81              	inttofloat:
  82              	.LFB65:
  57:getResistance.c **** 
  58:getResistance.c **** float inttofloat(uint8 decimal){
  83              		.loc 1 58 0
  84              		.cfi_startproc
  85              		@ args = 0, pretend = 0, frame = 0
  86              		@ frame_needed = 0, uses_anonymous_args = 0
  87              	.LVL9:
  88 0000 08B5     		push	{r3, lr}
  89              		.cfi_def_cfa_offset 8
  90              		.cfi_offset 3, -8
  91              		.cfi_offset 14, -4
  59:getResistance.c ****    float tmp;
  60:getResistance.c ****    tmp=decimal;
  92              		.loc 1 60 0
  93 0002 FFF7FEFF 		bl	__aeabi_ui2f
  94              	.LVL10:
  61:getResistance.c ****    return tmp/10;
  95              		.loc 1 61 0
  96 0006 0249     		ldr	r1, .L7
  97 0008 FFF7FEFF 		bl	__aeabi_fdiv
  98              	.LVL11:
  62:getResistance.c **** }
  99              		.loc 1 62 0
 100 000c 08BD     		pop	{r3, pc}
 101              	.L8:
 102 000e 00BF     		.align	2
 103              	.L7:
 104 0010 00002041 		.word	1092616192
 105              		.cfi_endproc
 106              	.LFE65:
 107              		.size	inttofloat, .-inttofloat
 108              		.section	.text.convert8,"ax",%progbits
 109              		.align	2
ARM GAS  C:\Users\USUARIO\AppData\Local\Temp\ccFRNt6D.s 			page 4


 110              		.global	convert8
 111              		.thumb
 112              		.thumb_func
 113              		.type	convert8, %function
 114              	convert8:
 115              	.LFB66:
  63:getResistance.c **** 
  64:getResistance.c **** uint8 convert8(uint16 data,uint8 nible){
 116              		.loc 1 64 0
 117              		.cfi_startproc
 118              		@ args = 0, pretend = 0, frame = 0
 119              		@ frame_needed = 0, uses_anonymous_args = 0
 120              		@ link register save eliminated.
 121              	.LVL12:
  65:getResistance.c ****     uint8 dato=0;
  66:getResistance.c ****     if(nible==0){
 122              		.loc 1 66 0
 123 0000 09B9     		cbnz	r1, .L10
  67:getResistance.c ****         dato=(uint8)data;   
 124              		.loc 1 67 0
 125 0002 C0B2     		uxtb	r0, r0
 126              	.LVL13:
 127 0004 7047     		bx	lr
 128              	.LVL14:
 129              	.L10:
  68:getResistance.c ****     }else if(nible==1){
 130              		.loc 1 68 0
 131 0006 0129     		cmp	r1, #1
 132 0008 01D1     		bne	.L12
  69:getResistance.c ****         dato=data>>8;
 133              		.loc 1 69 0
 134 000a 000A     		lsrs	r0, r0, #8
 135              	.LVL15:
 136 000c 7047     		bx	lr
 137              	.LVL16:
 138              	.L12:
  65:getResistance.c ****     if(nible==0){
 139              		.loc 1 65 0
 140 000e 0020     		movs	r0, #0
 141              	.LVL17:
  70:getResistance.c ****     }
  71:getResistance.c ****     return dato;
  72:getResistance.c **** }
 142              		.loc 1 72 0
 143 0010 7047     		bx	lr
 144              		.cfi_endproc
 145              	.LFE66:
 146              		.size	convert8, .-convert8
 147 0012 00BF     		.section	.text.convert16,"ax",%progbits
 148              		.align	2
 149              		.global	convert16
 150              		.thumb
 151              		.thumb_func
 152              		.type	convert16, %function
 153              	convert16:
 154              	.LFB67:
  73:getResistance.c **** 
ARM GAS  C:\Users\USUARIO\AppData\Local\Temp\ccFRNt6D.s 			page 5


  74:getResistance.c **** uint16 convert16(uint8 nibleh,uint8 niblel){
 155              		.loc 1 74 0
 156              		.cfi_startproc
 157              		@ args = 0, pretend = 0, frame = 0
 158              		@ frame_needed = 0, uses_anonymous_args = 0
 159              		@ link register save eliminated.
 160              	.LVL18:
  75:getResistance.c ****     uint16 temp,var;
  76:getResistance.c ****     temp=(uint16)nibleh;
  77:getResistance.c ****     var=temp<<8 | (uint16)niblel;
  78:getResistance.c ****     return var;
  79:getResistance.c **** }
 161              		.loc 1 79 0
 162 0000 41EA0020 		orr	r0, r1, r0, lsl #8
 163              	.LVL19:
 164 0004 7047     		bx	lr
 165              		.cfi_endproc
 166              	.LFE67:
 167              		.size	convert16, .-convert16
 168 0006 00BF     		.section	.text.MeasureRefResVoltage,"ax",%progbits
 169              		.align	2
 170              		.global	MeasureRefResVoltage
 171              		.thumb
 172              		.thumb_func
 173              		.type	MeasureRefResVoltage, %function
 174              	MeasureRefResVoltage:
 175              	.LFB68:
  80:getResistance.c **** 
  81:getResistance.c **** 
  82:getResistance.c **** 
  83:getResistance.c **** 
  84:getResistance.c **** /*******************************************************************************
  85:getResistance.c **** *  Function Name: MeasureRefResVoltage
  86:getResistance.c **** ********************************************************************************
  87:getResistance.c **** * Summary:
  88:getResistance.c **** * This functions returns the voltage across the reference resistor. 
  89:getResistance.c **** *
  90:getResistance.c **** * Parameters:
  91:getResistance.c **** * none
  92:getResistance.c **** *
  93:getResistance.c **** * Return: 
  94:getResistance.c **** * reference voltage in ADC counts
  95:getResistance.c **** 
  96:getResistance.c **** * Theory:
  97:getResistance.c **** * A current is passed through the reference resistor and the voltage across it 
  98:getResistance.c **** * is measured. Offset is measured and subtracted from this voltage. An IIR filter 
  99:getResistance.c **** * is also applied on this voltage.
 100:getResistance.c **** *
 101:getResistance.c **** * Side Effects:
 102:getResistance.c **** * None
 103:getResistance.c **** *******************************************************************************/
 104:getResistance.c **** int32 MeasureRefResVoltage()
 105:getResistance.c **** {
 176              		.loc 1 105 0
 177              		.cfi_startproc
 178              		@ args = 0, pretend = 0, frame = 0
 179              		@ frame_needed = 0, uses_anonymous_args = 0
ARM GAS  C:\Users\USUARIO\AppData\Local\Temp\ccFRNt6D.s 			page 6


 180 0000 10B5     		push	{r4, lr}
 181              		.cfi_def_cfa_offset 8
 182              		.cfi_offset 4, -8
 183              		.cfi_offset 14, -4
 184              	.LVL20:
 106:getResistance.c **** 	/* Voltage read across reference resistor in ADC counts */
 107:getResistance.c **** 	int32 rtdRefResult = 0;
 108:getResistance.c **** 	
 109:getResistance.c **** 	
 110:getResistance.c **** 	/* Filtered value for reference voltage measurement */
 111:getResistance.c **** 	int32 filRtdRefResult = 0;
 112:getResistance.c **** 	
 113:getResistance.c **** 	/* Offset counts */
 114:getResistance.c **** 	int32 zeroCurrentOffset = 0;
 115:getResistance.c **** 	
 116:getResistance.c **** 	/* Select the right current Mux and ADC Mux Channels */
 117:getResistance.c **** 	CurrentMux_FastSelect(REF_IDAC_CHANNEL);
 185              		.loc 1 117 0
 186 0002 0120     		movs	r0, #1
 187 0004 FFF7FEFF 		bl	CurrentMux_FastSelect
 188              	.LVL21:
 118:getResistance.c **** 	ADCMux_FastSelect(REF_CHANNEL);
 189              		.loc 1 118 0
 190 0008 0120     		movs	r0, #1
 191 000a FFF7FEFF 		bl	ADCMux_FastSelect
 192              	.LVL22:
 119:getResistance.c **** 	
 120:getResistance.c **** 	/* Configure the IDAC to source 1 mA */
 121:getResistance.c **** 	IDAC_SetValue(125);
 193              		.loc 1 121 0
 194 000e 7D20     		movs	r0, #125
 195 0010 FFF7FEFF 		bl	IDAC_SetValue
 196              	.LVL23:
 122:getResistance.c **** 		
 123:getResistance.c **** 	/* Read voltage across reference resistor */
 124:getResistance.c **** 	ADC_StartConvert();
 197              		.loc 1 124 0
 198 0014 FFF7FEFF 		bl	ADC_StartConvert
 199              	.LVL24:
 125:getResistance.c **** 
 126:getResistance.c **** 	ADC_IsEndConversion(ADC_WAIT_FOR_RESULT);
 200              		.loc 1 126 0
 201 0018 0020     		movs	r0, #0
 202 001a FFF7FEFF 		bl	ADC_IsEndConversion
 203              	.LVL25:
 127:getResistance.c **** 	rtdRefResult = ADC_GetResult32();
 204              		.loc 1 127 0
 205 001e FFF7FEFF 		bl	ADC_GetResult32
 206              	.LVL26:
 207 0022 0446     		mov	r4, r0
 208              	.LVL27:
 128:getResistance.c **** 		
 129:getResistance.c **** 
 130:getResistance.c **** 	
 131:getResistance.c **** 	/* Get the offset voltage */
 132:getResistance.c **** 	zeroCurrentOffset = GetOffset();
 209              		.loc 1 132 0
ARM GAS  C:\Users\USUARIO\AppData\Local\Temp\ccFRNt6D.s 			page 7


 210 0024 FFF7FEFF 		bl	GetOffset
 211              	.LVL28:
 133:getResistance.c **** 		
 134:getResistance.c **** 	/* Get CDS difference */
 135:getResistance.c **** 	rtdRefResult = rtdRefResult - zeroCurrentOffset; 
 136:getResistance.c **** 
 137:getResistance.c **** 	/* Filter signal */
 138:getResistance.c **** 	filRtdRefResult = FilterSignal(rtdRefResult, REF_RES);
 212              		.loc 1 138 0
 213 0028 0021     		movs	r1, #0
 214 002a 201A     		subs	r0, r4, r0
 215              	.LVL29:
 216 002c FFF7FEFF 		bl	FilterSignal
 217              	.LVL30:
 139:getResistance.c **** 	
 140:getResistance.c **** 	return filRtdRefResult;
 141:getResistance.c **** }
 218              		.loc 1 141 0
 219 0030 10BD     		pop	{r4, pc}
 220              		.cfi_endproc
 221              	.LFE68:
 222              		.size	MeasureRefResVoltage, .-MeasureRefResVoltage
 223 0032 00BF     		.section	.text.GetRTDRes,"ax",%progbits
 224              		.align	2
 225              		.global	GetRTDRes
 226              		.thumb
 227              		.thumb_func
 228              		.type	GetRTDRes, %function
 229              	GetRTDRes:
 230              	.LFB69:
 142:getResistance.c **** /*******************************************************************************
 143:getResistance.c **** *  Function Name: GetRTDRes
 144:getResistance.c **** ********************************************************************************
 145:getResistance.c **** * Summary:
 146:getResistance.c **** * This function measures the voltage across the RTD resistance.   
 147:getResistance.c **** *
 148:getResistance.c **** * Parameters:
 149:getResistance.c **** * int32 vRef - reference voltage in ADC counts
 150:getResistance.c **** *
 151:getResistance.c **** * Return: 
 152:getResistance.c **** * int32 rtdRes - RTD resistance in milliohms
 153:getResistance.c **** 
 154:getResistance.c **** * Theory:
 155:getResistance.c **** * A current is passed through the reference resistor and the voltage across it 
 156:getResistance.c **** * is measured. Offset is measured and subtracted from this voltage. An IIR filter 
 157:getResistance.c **** * is also applied on this voltage.
 158:getResistance.c **** *
 159:getResistance.c **** * Side Effects:
 160:getResistance.c **** * None
 161:getResistance.c **** *******************************************************************************/
 162:getResistance.c **** int32 GetRTDRes(int32 vRef,uint8 channel)
 163:getResistance.c **** {
 231              		.loc 1 163 0
 232              		.cfi_startproc
 233              		@ args = 0, pretend = 0, frame = 0
 234              		@ frame_needed = 0, uses_anonymous_args = 0
 235              	.LVL31:
ARM GAS  C:\Users\USUARIO\AppData\Local\Temp\ccFRNt6D.s 			page 8


 236 0000 38B5     		push	{r3, r4, r5, lr}
 237              		.cfi_def_cfa_offset 16
 238              		.cfi_offset 3, -16
 239              		.cfi_offset 4, -12
 240              		.cfi_offset 5, -8
 241              		.cfi_offset 14, -4
 242 0002 0546     		mov	r5, r0
 243 0004 0C46     		mov	r4, r1
 244              	.LVL32:
 164:getResistance.c **** 	/* Voltage read across RTD sensor in ADC counts */
 165:getResistance.c **** 	int32 rtdResult = 0;
 166:getResistance.c **** 	
 167:getResistance.c **** 	/* Filtered value for RTD sensor voltage measurement */
 168:getResistance.c **** 	int32 filRtdResult;
 169:getResistance.c **** 	
 170:getResistance.c **** 	/* RTD resistance */
 171:getResistance.c **** 	int32 rtdRes = 0;
 172:getResistance.c **** 	
 173:getResistance.c **** 	/* Offset counts */
 174:getResistance.c **** 	int32 zeroCurrentOffset = 0;
 175:getResistance.c ****     
 176:getResistance.c **** 	
 177:getResistance.c **** 	/* Set the IDAC to pass 1 mA */
 178:getResistance.c **** 	IDAC_SetValue(125);
 245              		.loc 1 178 0
 246 0006 7D20     		movs	r0, #125
 247              	.LVL33:
 248 0008 FFF7FEFF 		bl	IDAC_SetValue
 249              	.LVL34:
 179:getResistance.c **** 	
 180:getResistance.c ****     if(channel==0){
 250              		.loc 1 180 0
 251 000c 74B9     		cbnz	r4, .L17
 181:getResistance.c **** 	/* Select the right current Mux and ADC Mux Channels */
 182:getResistance.c **** 	CurrentMux_FastSelect(RTD_IDAC_CHANNEL);
 252              		.loc 1 182 0
 253 000e 0020     		movs	r0, #0
 254 0010 FFF7FEFF 		bl	CurrentMux_FastSelect
 255              	.LVL35:
 183:getResistance.c **** 	ADCMux_FastSelect(RTD_CHANNEL);
 256              		.loc 1 183 0
 257 0014 0020     		movs	r0, #0
 258 0016 FFF7FEFF 		bl	ADCMux_FastSelect
 259              	.LVL36:
 184:getResistance.c **** 		
 185:getResistance.c **** 	/* Read voltage across RTD */
 186:getResistance.c **** 	ADC_StartConvert();
 260              		.loc 1 186 0
 261 001a FFF7FEFF 		bl	ADC_StartConvert
 262              	.LVL37:
 187:getResistance.c **** 	ADC_IsEndConversion(ADC_WAIT_FOR_RESULT);
 263              		.loc 1 187 0
 264 001e 0020     		movs	r0, #0
 265 0020 FFF7FEFF 		bl	ADC_IsEndConversion
 266              	.LVL38:
 188:getResistance.c **** 	rtdResult = ADC_GetResult32();
 267              		.loc 1 188 0
ARM GAS  C:\Users\USUARIO\AppData\Local\Temp\ccFRNt6D.s 			page 9


 268 0024 FFF7FEFF 		bl	ADC_GetResult32
 269              	.LVL39:
 270 0028 0446     		mov	r4, r0
 271              	.LVL40:
 272 002a 11E0     		b	.L18
 273              	.LVL41:
 274              	.L17:
 189:getResistance.c ****     }else if(channel==1){
 275              		.loc 1 189 0
 276 002c 012C     		cmp	r4, #1
 277 002e 0ED1     		bne	.L19
 190:getResistance.c ****     /* Select the right current Mux and ADC Mux Channels */
 191:getResistance.c **** 	CurrentMux_FastSelect(RTD2_IDAC_CHANNEL);
 278              		.loc 1 191 0
 279 0030 0220     		movs	r0, #2
 280 0032 FFF7FEFF 		bl	CurrentMux_FastSelect
 281              	.LVL42:
 192:getResistance.c **** 	ADCMux_FastSelect(RTD2_CHANNEL);
 282              		.loc 1 192 0
 283 0036 0220     		movs	r0, #2
 284 0038 FFF7FEFF 		bl	ADCMux_FastSelect
 285              	.LVL43:
 193:getResistance.c **** 		
 194:getResistance.c **** 	/* Read voltage across RTD */
 195:getResistance.c **** 	ADC_StartConvert();
 286              		.loc 1 195 0
 287 003c FFF7FEFF 		bl	ADC_StartConvert
 288              	.LVL44:
 196:getResistance.c **** 	ADC_IsEndConversion(ADC_WAIT_FOR_RESULT);
 289              		.loc 1 196 0
 290 0040 0020     		movs	r0, #0
 291 0042 FFF7FEFF 		bl	ADC_IsEndConversion
 292              	.LVL45:
 197:getResistance.c **** 	rtdResult = ADC_GetResult32();    
 293              		.loc 1 197 0
 294 0046 FFF7FEFF 		bl	ADC_GetResult32
 295              	.LVL46:
 296 004a 0446     		mov	r4, r0
 297              	.LVL47:
 298 004c 00E0     		b	.L18
 299              	.LVL48:
 300              	.L19:
 165:getResistance.c **** 	
 301              		.loc 1 165 0
 302 004e 0024     		movs	r4, #0
 303              	.LVL49:
 304              	.L18:
 198:getResistance.c ****     }
 199:getResistance.c **** 
 200:getResistance.c **** 		
 201:getResistance.c **** 	/* Read zero current voltage across RTD sensor resistor */
 202:getResistance.c **** 	zeroCurrentOffset = GetOffset();
 305              		.loc 1 202 0
 306 0050 FFF7FEFF 		bl	GetOffset
 307              	.LVL50:
 203:getResistance.c **** 	
 204:getResistance.c **** 	/* Get CDS difference */
ARM GAS  C:\Users\USUARIO\AppData\Local\Temp\ccFRNt6D.s 			page 10


 205:getResistance.c **** 	rtdResult = rtdResult - zeroCurrentOffset; 
 206:getResistance.c **** 	
 207:getResistance.c **** 	/* Filter signal */
 208:getResistance.c **** 	filRtdResult = FilterSignal(rtdResult, RTD);
 308              		.loc 1 208 0
 309 0054 0121     		movs	r1, #1
 310 0056 201A     		subs	r0, r4, r0
 311              	.LVL51:
 312 0058 FFF7FEFF 		bl	FilterSignal
 313              	.LVL52:
 209:getResistance.c **** 	
 210:getResistance.c **** 	/* Find RTD resistance in milliohms */
 211:getResistance.c ****     /* To save precision we need to cast the numerator to a float*/
 212:getResistance.c **** 	rtdRes =  (int32)(((float)filRtdResult / vRef) * REF_RESISTOR);
 314              		.loc 1 212 0
 315 005c FFF7FEFF 		bl	__aeabi_i2f
 316              	.LVL53:
 317 0060 0446     		mov	r4, r0
 318 0062 2846     		mov	r0, r5
 319 0064 FFF7FEFF 		bl	__aeabi_i2f
 320              	.LVL54:
 321 0068 0146     		mov	r1, r0
 322 006a 2046     		mov	r0, r4
 323 006c FFF7FEFF 		bl	__aeabi_fdiv
 324              	.LVL55:
 325 0070 0249     		ldr	r1, .L21
 326 0072 FFF7FEFF 		bl	__aeabi_fmul
 327              	.LVL56:
 328 0076 FFF7FEFF 		bl	__aeabi_f2iz
 329              	.LVL57:
 213:getResistance.c **** 	
 214:getResistance.c **** 	return rtdRes;
 215:getResistance.c **** }
 330              		.loc 1 215 0
 331 007a 38BD     		pop	{r3, r4, r5, pc}
 332              	.LVL58:
 333              	.L22:
 334              		.align	2
 335              	.L21:
 336 007c 0050C347 		.word	1203982336
 337              		.cfi_endproc
 338              	.LFE69:
 339              		.size	GetRTDRes, .-GetRTDRes
 340              		.comm	promedio2,40,4
 341              		.comm	Prom,2,2
 342              		.comm	h2,1,1
 343              		.comm	l2,1,1
 344              		.comm	i,1,1
 345              		.comm	rampas,240,4
 346              		.text
 347              	.Letext0:
 348              		.file 2 "c:\\program files (x86)\\cypress\\psoc creator\\4.3\\psoc creator\\import\\gnu\\arm\\5.4.
 349              		.file 3 "c:\\program files (x86)\\cypress\\psoc creator\\4.3\\psoc creator\\import\\gnu\\arm\\5.4.
 350              		.file 4 "Generated_Source\\PSoC5/cytypes.h"
 351              		.file 5 "main.h"
 352              		.file 6 "Generated_Source\\PSoC5/core_cm3.h"
 353              		.file 7 "Generated_Source\\PSoC5/CurrentMux.h"
ARM GAS  C:\Users\USUARIO\AppData\Local\Temp\ccFRNt6D.s 			page 11


 354              		.file 8 "Generated_Source\\PSoC5/ADCMux.h"
 355              		.file 9 "Generated_Source\\PSoC5/IDAC.h"
 356              		.file 10 "Generated_Source\\PSoC5/ADC.h"
 357              		.file 11 "removeOffsetNoise.h"
 358              		.section	.debug_info,"",%progbits
 359              	.Ldebug_info0:
 360 0000 24050000 		.4byte	0x524
 361 0004 0400     		.2byte	0x4
 362 0006 00000000 		.4byte	.Ldebug_abbrev0
 363 000a 04       		.byte	0x4
 364 000b 01       		.uleb128 0x1
 365 000c 15030000 		.4byte	.LASF61
 366 0010 0C       		.byte	0xc
 367 0011 D1000000 		.4byte	.LASF62
 368 0015 0A020000 		.4byte	.LASF63
 369 0019 00000000 		.4byte	.Ldebug_ranges0+0
 370 001d 00000000 		.4byte	0
 371 0021 00000000 		.4byte	.Ldebug_line0
 372 0025 02       		.uleb128 0x2
 373 0026 04       		.byte	0x4
 374 0027 04       		.byte	0x4
 375 0028 00000000 		.4byte	.LASF0
 376 002c 02       		.uleb128 0x2
 377 002d 01       		.byte	0x1
 378 002e 06       		.byte	0x6
 379 002f 35010000 		.4byte	.LASF1
 380 0033 02       		.uleb128 0x2
 381 0034 01       		.byte	0x1
 382 0035 08       		.byte	0x8
 383 0036 27010000 		.4byte	.LASF2
 384 003a 02       		.uleb128 0x2
 385 003b 02       		.byte	0x2
 386 003c 05       		.byte	0x5
 387 003d 36000000 		.4byte	.LASF3
 388 0041 02       		.uleb128 0x2
 389 0042 02       		.byte	0x2
 390 0043 07       		.byte	0x7
 391 0044 86010000 		.4byte	.LASF4
 392 0048 03       		.uleb128 0x3
 393 0049 C9020000 		.4byte	.LASF10
 394 004d 02       		.byte	0x2
 395 004e 3F       		.byte	0x3f
 396 004f 53000000 		.4byte	0x53
 397 0053 02       		.uleb128 0x2
 398 0054 04       		.byte	0x4
 399 0055 05       		.byte	0x5
 400 0056 F4000000 		.4byte	.LASF5
 401 005a 02       		.uleb128 0x2
 402 005b 04       		.byte	0x4
 403 005c 07       		.byte	0x7
 404 005d ED010000 		.4byte	.LASF6
 405 0061 02       		.uleb128 0x2
 406 0062 08       		.byte	0x8
 407 0063 05       		.byte	0x5
 408 0064 E1000000 		.4byte	.LASF7
 409 0068 02       		.uleb128 0x2
 410 0069 08       		.byte	0x8
ARM GAS  C:\Users\USUARIO\AppData\Local\Temp\ccFRNt6D.s 			page 12


 411 006a 07       		.byte	0x7
 412 006b 41010000 		.4byte	.LASF8
 413 006f 04       		.uleb128 0x4
 414 0070 04       		.byte	0x4
 415 0071 05       		.byte	0x5
 416 0072 696E7400 		.ascii	"int\000"
 417 0076 02       		.uleb128 0x2
 418 0077 04       		.byte	0x4
 419 0078 07       		.byte	0x7
 420 0079 72010000 		.4byte	.LASF9
 421 007d 03       		.uleb128 0x3
 422 007e B1010000 		.4byte	.LASF11
 423 0082 03       		.byte	0x3
 424 0083 2C       		.byte	0x2c
 425 0084 48000000 		.4byte	0x48
 426 0088 05       		.uleb128 0x5
 427 0089 BC000000 		.4byte	.LASF12
 428 008d 04       		.byte	0x4
 429 008e 9201     		.2byte	0x192
 430 0090 33000000 		.4byte	0x33
 431 0094 05       		.uleb128 0x5
 432 0095 A6000000 		.4byte	.LASF13
 433 0099 04       		.byte	0x4
 434 009a 9301     		.2byte	0x193
 435 009c 41000000 		.4byte	0x41
 436 00a0 05       		.uleb128 0x5
 437 00a1 EF000000 		.4byte	.LASF14
 438 00a5 04       		.byte	0x4
 439 00a6 9501     		.2byte	0x195
 440 00a8 2C000000 		.4byte	0x2c
 441 00ac 05       		.uleb128 0x5
 442 00ad FF010000 		.4byte	.LASF15
 443 00b1 04       		.byte	0x4
 444 00b2 9701     		.2byte	0x197
 445 00b4 53000000 		.4byte	0x53
 446 00b8 02       		.uleb128 0x2
 447 00b9 08       		.byte	0x8
 448 00ba 04       		.byte	0x4
 449 00bb 66000000 		.4byte	.LASF16
 450 00bf 02       		.uleb128 0x2
 451 00c0 01       		.byte	0x1
 452 00c1 08       		.byte	0x8
 453 00c2 9E010000 		.4byte	.LASF17
 454 00c6 02       		.uleb128 0x2
 455 00c7 08       		.byte	0x8
 456 00c8 04       		.byte	0x4
 457 00c9 1B010000 		.4byte	.LASF18
 458 00cd 02       		.uleb128 0x2
 459 00ce 04       		.byte	0x4
 460 00cf 07       		.byte	0x7
 461 00d0 4A000000 		.4byte	.LASF19
 462 00d4 06       		.uleb128 0x6
 463 00d5 0C       		.byte	0xc
 464 00d6 05       		.byte	0x5
 465 00d7 49       		.byte	0x49
 466 00d8 25010000 		.4byte	0x125
 467 00dc 07       		.uleb128 0x7
ARM GAS  C:\Users\USUARIO\AppData\Local\Temp\ccFRNt6D.s 			page 13


 468 00dd 05010000 		.4byte	.LASF20
 469 00e1 05       		.byte	0x5
 470 00e2 4A       		.byte	0x4a
 471 00e3 88000000 		.4byte	0x88
 472 00e7 00       		.byte	0
 473 00e8 07       		.uleb128 0x7
 474 00e9 AD000000 		.4byte	.LASF21
 475 00ed 05       		.byte	0x5
 476 00ee 4B       		.byte	0x4b
 477 00ef 88000000 		.4byte	0x88
 478 00f3 01       		.byte	0x1
 479 00f4 07       		.uleb128 0x7
 480 00f5 A0000000 		.4byte	.LASF22
 481 00f9 05       		.byte	0x5
 482 00fa 4C       		.byte	0x4c
 483 00fb 88000000 		.4byte	0x88
 484 00ff 02       		.byte	0x2
 485 0100 07       		.uleb128 0x7
 486 0101 53000000 		.4byte	.LASF23
 487 0105 05       		.byte	0x5
 488 0106 4D       		.byte	0x4d
 489 0107 88000000 		.4byte	0x88
 490 010b 03       		.byte	0x3
 491 010c 07       		.uleb128 0x7
 492 010d FD000000 		.4byte	.LASF24
 493 0111 05       		.byte	0x5
 494 0112 4E       		.byte	0x4e
 495 0113 88000000 		.4byte	0x88
 496 0117 04       		.byte	0x4
 497 0118 07       		.uleb128 0x7
 498 0119 E5020000 		.4byte	.LASF25
 499 011d 05       		.byte	0x5
 500 011e 4F       		.byte	0x4f
 501 011f 25000000 		.4byte	0x25
 502 0123 08       		.byte	0x8
 503 0124 00       		.byte	0
 504 0125 03       		.uleb128 0x3
 505 0126 A3010000 		.4byte	.LASF26
 506 012a 05       		.byte	0x5
 507 012b 50       		.byte	0x50
 508 012c D4000000 		.4byte	0xd4
 509 0130 08       		.uleb128 0x8
 510 0131 A5020000 		.4byte	.LASF28
 511 0135 01       		.byte	0x1
 512 0136 31       		.byte	0x31
 513 0137 88000000 		.4byte	0x88
 514 013b 00000000 		.4byte	.LFB64
 515 013f 28000000 		.4byte	.LFE64-.LFB64
 516 0143 01       		.uleb128 0x1
 517 0144 9C       		.byte	0x9c
 518 0145 77010000 		.4byte	0x177
 519 0149 09       		.uleb128 0x9
 520 014a D6010000 		.4byte	.LASF30
 521 014e 01       		.byte	0x1
 522 014f 31       		.byte	0x31
 523 0150 25000000 		.4byte	0x25
 524 0154 00000000 		.4byte	.LLST0
ARM GAS  C:\Users\USUARIO\AppData\Local\Temp\ccFRNt6D.s 			page 14


 525 0158 0A       		.uleb128 0xa
 526 0159 14010000 		.4byte	.LASF27
 527 015d 01       		.byte	0x1
 528 015e 32       		.byte	0x32
 529 015f 25000000 		.4byte	0x25
 530 0163 2E000000 		.4byte	.LLST1
 531 0167 0B       		.uleb128 0xb
 532 0168 746D7000 		.ascii	"tmp\000"
 533 016c 01       		.byte	0x1
 534 016d 33       		.byte	0x33
 535 016e 25000000 		.4byte	0x25
 536 0172 5C000000 		.4byte	.LLST2
 537 0176 00       		.byte	0
 538 0177 08       		.uleb128 0x8
 539 0178 5B000000 		.4byte	.LASF29
 540 017c 01       		.byte	0x1
 541 017d 3A       		.byte	0x3a
 542 017e 25000000 		.4byte	0x25
 543 0182 00000000 		.4byte	.LFB65
 544 0186 14000000 		.4byte	.LFE65-.LFB65
 545 018a 01       		.uleb128 0x1
 546 018b 9C       		.byte	0x9c
 547 018c AF010000 		.4byte	0x1af
 548 0190 09       		.uleb128 0x9
 549 0191 DB010000 		.4byte	.LASF31
 550 0195 01       		.byte	0x1
 551 0196 3A       		.byte	0x3a
 552 0197 88000000 		.4byte	0x88
 553 019b 7F000000 		.4byte	.LLST3
 554 019f 0B       		.uleb128 0xb
 555 01a0 746D7000 		.ascii	"tmp\000"
 556 01a4 01       		.byte	0x1
 557 01a5 3B       		.byte	0x3b
 558 01a6 25000000 		.4byte	0x25
 559 01aa A0000000 		.4byte	.LLST4
 560 01ae 00       		.byte	0
 561 01af 0C       		.uleb128 0xc
 562 01b0 1B000000 		.4byte	.LASF32
 563 01b4 01       		.byte	0x1
 564 01b5 40       		.byte	0x40
 565 01b6 88000000 		.4byte	0x88
 566 01ba 00000000 		.4byte	.LFB66
 567 01be 12000000 		.4byte	.LFE66-.LFB66
 568 01c2 01       		.uleb128 0x1
 569 01c3 9C       		.byte	0x9c
 570 01c4 F4010000 		.4byte	0x1f4
 571 01c8 09       		.uleb128 0x9
 572 01c9 D6010000 		.4byte	.LASF30
 573 01cd 01       		.byte	0x1
 574 01ce 40       		.byte	0x40
 575 01cf 94000000 		.4byte	0x94
 576 01d3 B3000000 		.4byte	.LLST5
 577 01d7 0D       		.uleb128 0xd
 578 01d8 02030000 		.4byte	.LASF33
 579 01dc 01       		.byte	0x1
 580 01dd 40       		.byte	0x40
 581 01de 88000000 		.4byte	0x88
ARM GAS  C:\Users\USUARIO\AppData\Local\Temp\ccFRNt6D.s 			page 15


 582 01e2 01       		.uleb128 0x1
 583 01e3 51       		.byte	0x51
 584 01e4 0A       		.uleb128 0xa
 585 01e5 05020000 		.4byte	.LASF34
 586 01e9 01       		.byte	0x1
 587 01ea 41       		.byte	0x41
 588 01eb 88000000 		.4byte	0x88
 589 01ef 06010000 		.4byte	.LLST6
 590 01f3 00       		.byte	0
 591 01f4 0C       		.uleb128 0xc
 592 01f5 58010000 		.4byte	.LASF35
 593 01f9 01       		.byte	0x1
 594 01fa 4A       		.byte	0x4a
 595 01fb 94000000 		.4byte	0x94
 596 01ff 00000000 		.4byte	.LFB67
 597 0203 06000000 		.4byte	.LFE67-.LFB67
 598 0207 01       		.uleb128 0x1
 599 0208 9C       		.byte	0x9c
 600 0209 48020000 		.4byte	0x248
 601 020d 09       		.uleb128 0x9
 602 020e B9010000 		.4byte	.LASF36
 603 0212 01       		.byte	0x1
 604 0213 4A       		.byte	0x4a
 605 0214 88000000 		.4byte	0x88
 606 0218 53010000 		.4byte	.LLST7
 607 021c 0D       		.uleb128 0xd
 608 021d C0010000 		.4byte	.LASF37
 609 0221 01       		.byte	0x1
 610 0222 4A       		.byte	0x4a
 611 0223 88000000 		.4byte	0x88
 612 0227 01       		.uleb128 0x1
 613 0228 51       		.byte	0x51
 614 0229 0A       		.uleb128 0xa
 615 022a 31000000 		.4byte	.LASF38
 616 022e 01       		.byte	0x1
 617 022f 4B       		.byte	0x4b
 618 0230 94000000 		.4byte	0x94
 619 0234 74010000 		.4byte	.LLST8
 620 0238 0B       		.uleb128 0xb
 621 0239 76617200 		.ascii	"var\000"
 622 023d 01       		.byte	0x1
 623 023e 4B       		.byte	0x4b
 624 023f 94000000 		.4byte	0x94
 625 0243 9D010000 		.4byte	.LLST9
 626 0247 00       		.byte	0
 627 0248 0C       		.uleb128 0xc
 628 0249 06000000 		.4byte	.LASF39
 629 024d 01       		.byte	0x1
 630 024e 68       		.byte	0x68
 631 024f AC000000 		.4byte	0xac
 632 0253 00000000 		.4byte	.LFB68
 633 0257 32000000 		.4byte	.LFE68-.LFB68
 634 025b 01       		.uleb128 0x1
 635 025c 9C       		.byte	0x9c
 636 025d 06030000 		.4byte	0x306
 637 0261 0A       		.uleb128 0xa
 638 0262 24000000 		.4byte	.LASF40
ARM GAS  C:\Users\USUARIO\AppData\Local\Temp\ccFRNt6D.s 			page 16


 639 0266 01       		.byte	0x1
 640 0267 6B       		.byte	0x6b
 641 0268 AC000000 		.4byte	0xac
 642 026c B7010000 		.4byte	.LLST10
 643 0270 0A       		.uleb128 0xa
 644 0271 BE030000 		.4byte	.LASF41
 645 0275 01       		.byte	0x1
 646 0276 6F       		.byte	0x6f
 647 0277 AC000000 		.4byte	0xac
 648 027b FC010000 		.4byte	.LLST11
 649 027f 0A       		.uleb128 0xa
 650 0280 D3020000 		.4byte	.LASF42
 651 0284 01       		.byte	0x1
 652 0285 72       		.byte	0x72
 653 0286 AC000000 		.4byte	0xac
 654 028a 1B020000 		.4byte	.LLST12
 655 028e 0E       		.uleb128 0xe
 656 028f 08000000 		.4byte	.LVL21
 657 0293 CF040000 		.4byte	0x4cf
 658 0297 A1020000 		.4byte	0x2a1
 659 029b 0F       		.uleb128 0xf
 660 029c 01       		.uleb128 0x1
 661 029d 50       		.byte	0x50
 662 029e 01       		.uleb128 0x1
 663 029f 31       		.byte	0x31
 664 02a0 00       		.byte	0
 665 02a1 0E       		.uleb128 0xe
 666 02a2 0E000000 		.4byte	.LVL22
 667 02a6 DA040000 		.4byte	0x4da
 668 02aa B4020000 		.4byte	0x2b4
 669 02ae 0F       		.uleb128 0xf
 670 02af 01       		.uleb128 0x1
 671 02b0 50       		.byte	0x50
 672 02b1 01       		.uleb128 0x1
 673 02b2 31       		.byte	0x31
 674 02b3 00       		.byte	0
 675 02b4 0E       		.uleb128 0xe
 676 02b5 14000000 		.4byte	.LVL23
 677 02b9 E5040000 		.4byte	0x4e5
 678 02bd C8020000 		.4byte	0x2c8
 679 02c1 0F       		.uleb128 0xf
 680 02c2 01       		.uleb128 0x1
 681 02c3 50       		.byte	0x50
 682 02c4 02       		.uleb128 0x2
 683 02c5 08       		.byte	0x8
 684 02c6 7D       		.byte	0x7d
 685 02c7 00       		.byte	0
 686 02c8 10       		.uleb128 0x10
 687 02c9 18000000 		.4byte	.LVL24
 688 02cd F0040000 		.4byte	0x4f0
 689 02d1 0E       		.uleb128 0xe
 690 02d2 1E000000 		.4byte	.LVL25
 691 02d6 FB040000 		.4byte	0x4fb
 692 02da E4020000 		.4byte	0x2e4
 693 02de 0F       		.uleb128 0xf
 694 02df 01       		.uleb128 0x1
 695 02e0 50       		.byte	0x50
ARM GAS  C:\Users\USUARIO\AppData\Local\Temp\ccFRNt6D.s 			page 17


 696 02e1 01       		.uleb128 0x1
 697 02e2 30       		.byte	0x30
 698 02e3 00       		.byte	0
 699 02e4 10       		.uleb128 0x10
 700 02e5 22000000 		.4byte	.LVL26
 701 02e9 06050000 		.4byte	0x506
 702 02ed 10       		.uleb128 0x10
 703 02ee 28000000 		.4byte	.LVL28
 704 02f2 11050000 		.4byte	0x511
 705 02f6 11       		.uleb128 0x11
 706 02f7 30000000 		.4byte	.LVL30
 707 02fb 1C050000 		.4byte	0x51c
 708 02ff 0F       		.uleb128 0xf
 709 0300 01       		.uleb128 0x1
 710 0301 51       		.byte	0x51
 711 0302 01       		.uleb128 0x1
 712 0303 30       		.byte	0x30
 713 0304 00       		.byte	0
 714 0305 00       		.byte	0
 715 0306 08       		.uleb128 0x8
 716 0307 C2000000 		.4byte	.LASF43
 717 030b 01       		.byte	0x1
 718 030c A2       		.byte	0xa2
 719 030d AC000000 		.4byte	0xac
 720 0311 00000000 		.4byte	.LFB69
 721 0315 80000000 		.4byte	.LFE69-.LFB69
 722 0319 01       		.uleb128 0x1
 723 031a 9C       		.byte	0x9c
 724 031b 3C040000 		.4byte	0x43c
 725 031f 09       		.uleb128 0x9
 726 0320 99010000 		.4byte	.LASF44
 727 0324 01       		.byte	0x1
 728 0325 A2       		.byte	0xa2
 729 0326 AC000000 		.4byte	0xac
 730 032a 3A020000 		.4byte	.LLST13
 731 032e 09       		.uleb128 0x9
 732 032f CE010000 		.4byte	.LASF45
 733 0333 01       		.byte	0x1
 734 0334 A2       		.byte	0xa2
 735 0335 88000000 		.4byte	0x88
 736 0339 66020000 		.4byte	.LLST14
 737 033d 0A       		.uleb128 0xa
 738 033e E3010000 		.4byte	.LASF46
 739 0342 01       		.byte	0x1
 740 0343 A5       		.byte	0xa5
 741 0344 AC000000 		.4byte	0xac
 742 0348 87020000 		.4byte	.LLST15
 743 034c 0A       		.uleb128 0xa
 744 034d B1030000 		.4byte	.LASF47
 745 0351 01       		.byte	0x1
 746 0352 A8       		.byte	0xa8
 747 0353 AC000000 		.4byte	0xac
 748 0357 EF020000 		.4byte	.LLST16
 749 035b 0A       		.uleb128 0xa
 750 035c 7F010000 		.4byte	.LASF48
 751 0360 01       		.byte	0x1
 752 0361 AB       		.byte	0xab
ARM GAS  C:\Users\USUARIO\AppData\Local\Temp\ccFRNt6D.s 			page 18


 753 0362 AC000000 		.4byte	0xac
 754 0366 02030000 		.4byte	.LLST17
 755 036a 0A       		.uleb128 0xa
 756 036b D3020000 		.4byte	.LASF42
 757 036f 01       		.byte	0x1
 758 0370 AE       		.byte	0xae
 759 0371 AC000000 		.4byte	0xac
 760 0375 21030000 		.4byte	.LLST18
 761 0379 0E       		.uleb128 0xe
 762 037a 0C000000 		.4byte	.LVL34
 763 037e E5040000 		.4byte	0x4e5
 764 0382 8D030000 		.4byte	0x38d
 765 0386 0F       		.uleb128 0xf
 766 0387 01       		.uleb128 0x1
 767 0388 50       		.byte	0x50
 768 0389 02       		.uleb128 0x2
 769 038a 08       		.byte	0x8
 770 038b 7D       		.byte	0x7d
 771 038c 00       		.byte	0
 772 038d 0E       		.uleb128 0xe
 773 038e 14000000 		.4byte	.LVL35
 774 0392 CF040000 		.4byte	0x4cf
 775 0396 A0030000 		.4byte	0x3a0
 776 039a 0F       		.uleb128 0xf
 777 039b 01       		.uleb128 0x1
 778 039c 50       		.byte	0x50
 779 039d 01       		.uleb128 0x1
 780 039e 30       		.byte	0x30
 781 039f 00       		.byte	0
 782 03a0 0E       		.uleb128 0xe
 783 03a1 1A000000 		.4byte	.LVL36
 784 03a5 DA040000 		.4byte	0x4da
 785 03a9 B3030000 		.4byte	0x3b3
 786 03ad 0F       		.uleb128 0xf
 787 03ae 01       		.uleb128 0x1
 788 03af 50       		.byte	0x50
 789 03b0 01       		.uleb128 0x1
 790 03b1 30       		.byte	0x30
 791 03b2 00       		.byte	0
 792 03b3 10       		.uleb128 0x10
 793 03b4 1E000000 		.4byte	.LVL37
 794 03b8 F0040000 		.4byte	0x4f0
 795 03bc 0E       		.uleb128 0xe
 796 03bd 24000000 		.4byte	.LVL38
 797 03c1 FB040000 		.4byte	0x4fb
 798 03c5 CF030000 		.4byte	0x3cf
 799 03c9 0F       		.uleb128 0xf
 800 03ca 01       		.uleb128 0x1
 801 03cb 50       		.byte	0x50
 802 03cc 01       		.uleb128 0x1
 803 03cd 30       		.byte	0x30
 804 03ce 00       		.byte	0
 805 03cf 10       		.uleb128 0x10
 806 03d0 28000000 		.4byte	.LVL39
 807 03d4 06050000 		.4byte	0x506
 808 03d8 0E       		.uleb128 0xe
 809 03d9 36000000 		.4byte	.LVL42
ARM GAS  C:\Users\USUARIO\AppData\Local\Temp\ccFRNt6D.s 			page 19


 810 03dd CF040000 		.4byte	0x4cf
 811 03e1 EB030000 		.4byte	0x3eb
 812 03e5 0F       		.uleb128 0xf
 813 03e6 01       		.uleb128 0x1
 814 03e7 50       		.byte	0x50
 815 03e8 01       		.uleb128 0x1
 816 03e9 32       		.byte	0x32
 817 03ea 00       		.byte	0
 818 03eb 0E       		.uleb128 0xe
 819 03ec 3C000000 		.4byte	.LVL43
 820 03f0 DA040000 		.4byte	0x4da
 821 03f4 FE030000 		.4byte	0x3fe
 822 03f8 0F       		.uleb128 0xf
 823 03f9 01       		.uleb128 0x1
 824 03fa 50       		.byte	0x50
 825 03fb 01       		.uleb128 0x1
 826 03fc 32       		.byte	0x32
 827 03fd 00       		.byte	0
 828 03fe 10       		.uleb128 0x10
 829 03ff 40000000 		.4byte	.LVL44
 830 0403 F0040000 		.4byte	0x4f0
 831 0407 0E       		.uleb128 0xe
 832 0408 46000000 		.4byte	.LVL45
 833 040c FB040000 		.4byte	0x4fb
 834 0410 1A040000 		.4byte	0x41a
 835 0414 0F       		.uleb128 0xf
 836 0415 01       		.uleb128 0x1
 837 0416 50       		.byte	0x50
 838 0417 01       		.uleb128 0x1
 839 0418 30       		.byte	0x30
 840 0419 00       		.byte	0
 841 041a 10       		.uleb128 0x10
 842 041b 4A000000 		.4byte	.LVL46
 843 041f 06050000 		.4byte	0x506
 844 0423 10       		.uleb128 0x10
 845 0424 54000000 		.4byte	.LVL50
 846 0428 11050000 		.4byte	0x511
 847 042c 11       		.uleb128 0x11
 848 042d 5C000000 		.4byte	.LVL52
 849 0431 1C050000 		.4byte	0x51c
 850 0435 0F       		.uleb128 0xf
 851 0436 01       		.uleb128 0x1
 852 0437 51       		.byte	0x51
 853 0438 01       		.uleb128 0x1
 854 0439 31       		.byte	0x31
 855 043a 00       		.byte	0
 856 043b 00       		.byte	0
 857 043c 12       		.uleb128 0x12
 858 043d 08030000 		.4byte	.LASF49
 859 0441 06       		.byte	0x6
 860 0442 1207     		.2byte	0x712
 861 0444 48040000 		.4byte	0x448
 862 0448 13       		.uleb128 0x13
 863 0449 7D000000 		.4byte	0x7d
 864 044d 14       		.uleb128 0x14
 865 044e 25010000 		.4byte	0x125
 866 0452 5D040000 		.4byte	0x45d
ARM GAS  C:\Users\USUARIO\AppData\Local\Temp\ccFRNt6D.s 			page 20


 867 0456 15       		.uleb128 0x15
 868 0457 CD000000 		.4byte	0xcd
 869 045b 13       		.byte	0x13
 870 045c 00       		.byte	0
 871 045d 16       		.uleb128 0x16
 872 045e C7010000 		.4byte	.LASF50
 873 0462 05       		.byte	0x5
 874 0463 51       		.byte	0x51
 875 0464 4D040000 		.4byte	0x44d
 876 0468 05       		.uleb128 0x5
 877 0469 03       		.byte	0x3
 878 046a 00000000 		.4byte	rampas
 879 046e 17       		.uleb128 0x17
 880 046f 6900     		.ascii	"i\000"
 881 0471 01       		.byte	0x1
 882 0472 2C       		.byte	0x2c
 883 0473 88000000 		.4byte	0x88
 884 0477 05       		.uleb128 0x5
 885 0478 03       		.byte	0x3
 886 0479 00000000 		.4byte	i
 887 047d 17       		.uleb128 0x17
 888 047e 6C3200   		.ascii	"l2\000"
 889 0481 01       		.byte	0x1
 890 0482 2D       		.byte	0x2d
 891 0483 88000000 		.4byte	0x88
 892 0487 05       		.uleb128 0x5
 893 0488 03       		.byte	0x3
 894 0489 00000000 		.4byte	l2
 895 048d 17       		.uleb128 0x17
 896 048e 683200   		.ascii	"h2\000"
 897 0491 01       		.byte	0x1
 898 0492 2D       		.byte	0x2d
 899 0493 88000000 		.4byte	0x88
 900 0497 05       		.uleb128 0x5
 901 0498 03       		.byte	0x3
 902 0499 00000000 		.4byte	h2
 903 049d 16       		.uleb128 0x16
 904 049e CC000000 		.4byte	.LASF51
 905 04a2 01       		.byte	0x1
 906 04a3 2E       		.byte	0x2e
 907 04a4 94000000 		.4byte	0x94
 908 04a8 05       		.uleb128 0x5
 909 04a9 03       		.byte	0x3
 910 04aa 00000000 		.4byte	Prom
 911 04ae 14       		.uleb128 0x14
 912 04af 94000000 		.4byte	0x94
 913 04b3 BE040000 		.4byte	0x4be
 914 04b7 15       		.uleb128 0x15
 915 04b8 CD000000 		.4byte	0xcd
 916 04bc 13       		.byte	0x13
 917 04bd 00       		.byte	0
 918 04be 16       		.uleb128 0x16
 919 04bf 9B020000 		.4byte	.LASF52
 920 04c3 01       		.byte	0x1
 921 04c4 2F       		.byte	0x2f
 922 04c5 AE040000 		.4byte	0x4ae
 923 04c9 05       		.uleb128 0x5
ARM GAS  C:\Users\USUARIO\AppData\Local\Temp\ccFRNt6D.s 			page 21


 924 04ca 03       		.byte	0x3
 925 04cb 00000000 		.4byte	promedio2
 926 04cf 18       		.uleb128 0x18
 927 04d0 B3020000 		.4byte	.LASF53
 928 04d4 B3020000 		.4byte	.LASF53
 929 04d8 07       		.byte	0x7
 930 04d9 27       		.byte	0x27
 931 04da 18       		.uleb128 0x18
 932 04db 8E000000 		.4byte	.LASF54
 933 04df 8E000000 		.4byte	.LASF54
 934 04e3 08       		.byte	0x8
 935 04e4 27       		.byte	0x27
 936 04e5 18       		.uleb128 0x18
 937 04e6 A3030000 		.4byte	.LASF55
 938 04ea A3030000 		.4byte	.LASF55
 939 04ee 09       		.byte	0x9
 940 04ef 41       		.byte	0x41
 941 04f0 18       		.uleb128 0x18
 942 04f1 F1020000 		.4byte	.LASF56
 943 04f5 F1020000 		.4byte	.LASF56
 944 04f9 0A       		.byte	0xa
 945 04fa 3D       		.byte	0x3d
 946 04fb 18       		.uleb128 0x18
 947 04fc 7A000000 		.4byte	.LASF57
 948 0500 7A000000 		.4byte	.LASF57
 949 0504 0A       		.byte	0xa
 950 0505 3F       		.byte	0x3f
 951 0506 18       		.uleb128 0x18
 952 0507 62010000 		.4byte	.LASF58
 953 050b 62010000 		.4byte	.LASF58
 954 050f 0A       		.byte	0xa
 955 0510 42       		.byte	0x42
 956 0511 18       		.uleb128 0x18
 957 0512 40000000 		.4byte	.LASF59
 958 0516 40000000 		.4byte	.LASF59
 959 051a 0B       		.byte	0xb
 960 051b 3F       		.byte	0x3f
 961 051c 18       		.uleb128 0x18
 962 051d 6D000000 		.4byte	.LASF60
 963 0521 6D000000 		.4byte	.LASF60
 964 0525 0B       		.byte	0xb
 965 0526 3C       		.byte	0x3c
 966 0527 00       		.byte	0
 967              		.section	.debug_abbrev,"",%progbits
 968              	.Ldebug_abbrev0:
 969 0000 01       		.uleb128 0x1
 970 0001 11       		.uleb128 0x11
 971 0002 01       		.byte	0x1
 972 0003 25       		.uleb128 0x25
 973 0004 0E       		.uleb128 0xe
 974 0005 13       		.uleb128 0x13
 975 0006 0B       		.uleb128 0xb
 976 0007 03       		.uleb128 0x3
 977 0008 0E       		.uleb128 0xe
 978 0009 1B       		.uleb128 0x1b
 979 000a 0E       		.uleb128 0xe
 980 000b 55       		.uleb128 0x55
ARM GAS  C:\Users\USUARIO\AppData\Local\Temp\ccFRNt6D.s 			page 22


 981 000c 17       		.uleb128 0x17
 982 000d 11       		.uleb128 0x11
 983 000e 01       		.uleb128 0x1
 984 000f 10       		.uleb128 0x10
 985 0010 17       		.uleb128 0x17
 986 0011 00       		.byte	0
 987 0012 00       		.byte	0
 988 0013 02       		.uleb128 0x2
 989 0014 24       		.uleb128 0x24
 990 0015 00       		.byte	0
 991 0016 0B       		.uleb128 0xb
 992 0017 0B       		.uleb128 0xb
 993 0018 3E       		.uleb128 0x3e
 994 0019 0B       		.uleb128 0xb
 995 001a 03       		.uleb128 0x3
 996 001b 0E       		.uleb128 0xe
 997 001c 00       		.byte	0
 998 001d 00       		.byte	0
 999 001e 03       		.uleb128 0x3
 1000 001f 16       		.uleb128 0x16
 1001 0020 00       		.byte	0
 1002 0021 03       		.uleb128 0x3
 1003 0022 0E       		.uleb128 0xe
 1004 0023 3A       		.uleb128 0x3a
 1005 0024 0B       		.uleb128 0xb
 1006 0025 3B       		.uleb128 0x3b
 1007 0026 0B       		.uleb128 0xb
 1008 0027 49       		.uleb128 0x49
 1009 0028 13       		.uleb128 0x13
 1010 0029 00       		.byte	0
 1011 002a 00       		.byte	0
 1012 002b 04       		.uleb128 0x4
 1013 002c 24       		.uleb128 0x24
 1014 002d 00       		.byte	0
 1015 002e 0B       		.uleb128 0xb
 1016 002f 0B       		.uleb128 0xb
 1017 0030 3E       		.uleb128 0x3e
 1018 0031 0B       		.uleb128 0xb
 1019 0032 03       		.uleb128 0x3
 1020 0033 08       		.uleb128 0x8
 1021 0034 00       		.byte	0
 1022 0035 00       		.byte	0
 1023 0036 05       		.uleb128 0x5
 1024 0037 16       		.uleb128 0x16
 1025 0038 00       		.byte	0
 1026 0039 03       		.uleb128 0x3
 1027 003a 0E       		.uleb128 0xe
 1028 003b 3A       		.uleb128 0x3a
 1029 003c 0B       		.uleb128 0xb
 1030 003d 3B       		.uleb128 0x3b
 1031 003e 05       		.uleb128 0x5
 1032 003f 49       		.uleb128 0x49
 1033 0040 13       		.uleb128 0x13
 1034 0041 00       		.byte	0
 1035 0042 00       		.byte	0
 1036 0043 06       		.uleb128 0x6
 1037 0044 13       		.uleb128 0x13
ARM GAS  C:\Users\USUARIO\AppData\Local\Temp\ccFRNt6D.s 			page 23


 1038 0045 01       		.byte	0x1
 1039 0046 0B       		.uleb128 0xb
 1040 0047 0B       		.uleb128 0xb
 1041 0048 3A       		.uleb128 0x3a
 1042 0049 0B       		.uleb128 0xb
 1043 004a 3B       		.uleb128 0x3b
 1044 004b 0B       		.uleb128 0xb
 1045 004c 01       		.uleb128 0x1
 1046 004d 13       		.uleb128 0x13
 1047 004e 00       		.byte	0
 1048 004f 00       		.byte	0
 1049 0050 07       		.uleb128 0x7
 1050 0051 0D       		.uleb128 0xd
 1051 0052 00       		.byte	0
 1052 0053 03       		.uleb128 0x3
 1053 0054 0E       		.uleb128 0xe
 1054 0055 3A       		.uleb128 0x3a
 1055 0056 0B       		.uleb128 0xb
 1056 0057 3B       		.uleb128 0x3b
 1057 0058 0B       		.uleb128 0xb
 1058 0059 49       		.uleb128 0x49
 1059 005a 13       		.uleb128 0x13
 1060 005b 38       		.uleb128 0x38
 1061 005c 0B       		.uleb128 0xb
 1062 005d 00       		.byte	0
 1063 005e 00       		.byte	0
 1064 005f 08       		.uleb128 0x8
 1065 0060 2E       		.uleb128 0x2e
 1066 0061 01       		.byte	0x1
 1067 0062 3F       		.uleb128 0x3f
 1068 0063 19       		.uleb128 0x19
 1069 0064 03       		.uleb128 0x3
 1070 0065 0E       		.uleb128 0xe
 1071 0066 3A       		.uleb128 0x3a
 1072 0067 0B       		.uleb128 0xb
 1073 0068 3B       		.uleb128 0x3b
 1074 0069 0B       		.uleb128 0xb
 1075 006a 27       		.uleb128 0x27
 1076 006b 19       		.uleb128 0x19
 1077 006c 49       		.uleb128 0x49
 1078 006d 13       		.uleb128 0x13
 1079 006e 11       		.uleb128 0x11
 1080 006f 01       		.uleb128 0x1
 1081 0070 12       		.uleb128 0x12
 1082 0071 06       		.uleb128 0x6
 1083 0072 40       		.uleb128 0x40
 1084 0073 18       		.uleb128 0x18
 1085 0074 9642     		.uleb128 0x2116
 1086 0076 19       		.uleb128 0x19
 1087 0077 01       		.uleb128 0x1
 1088 0078 13       		.uleb128 0x13
 1089 0079 00       		.byte	0
 1090 007a 00       		.byte	0
 1091 007b 09       		.uleb128 0x9
 1092 007c 05       		.uleb128 0x5
 1093 007d 00       		.byte	0
 1094 007e 03       		.uleb128 0x3
ARM GAS  C:\Users\USUARIO\AppData\Local\Temp\ccFRNt6D.s 			page 24


 1095 007f 0E       		.uleb128 0xe
 1096 0080 3A       		.uleb128 0x3a
 1097 0081 0B       		.uleb128 0xb
 1098 0082 3B       		.uleb128 0x3b
 1099 0083 0B       		.uleb128 0xb
 1100 0084 49       		.uleb128 0x49
 1101 0085 13       		.uleb128 0x13
 1102 0086 02       		.uleb128 0x2
 1103 0087 17       		.uleb128 0x17
 1104 0088 00       		.byte	0
 1105 0089 00       		.byte	0
 1106 008a 0A       		.uleb128 0xa
 1107 008b 34       		.uleb128 0x34
 1108 008c 00       		.byte	0
 1109 008d 03       		.uleb128 0x3
 1110 008e 0E       		.uleb128 0xe
 1111 008f 3A       		.uleb128 0x3a
 1112 0090 0B       		.uleb128 0xb
 1113 0091 3B       		.uleb128 0x3b
 1114 0092 0B       		.uleb128 0xb
 1115 0093 49       		.uleb128 0x49
 1116 0094 13       		.uleb128 0x13
 1117 0095 02       		.uleb128 0x2
 1118 0096 17       		.uleb128 0x17
 1119 0097 00       		.byte	0
 1120 0098 00       		.byte	0
 1121 0099 0B       		.uleb128 0xb
 1122 009a 34       		.uleb128 0x34
 1123 009b 00       		.byte	0
 1124 009c 03       		.uleb128 0x3
 1125 009d 08       		.uleb128 0x8
 1126 009e 3A       		.uleb128 0x3a
 1127 009f 0B       		.uleb128 0xb
 1128 00a0 3B       		.uleb128 0x3b
 1129 00a1 0B       		.uleb128 0xb
 1130 00a2 49       		.uleb128 0x49
 1131 00a3 13       		.uleb128 0x13
 1132 00a4 02       		.uleb128 0x2
 1133 00a5 17       		.uleb128 0x17
 1134 00a6 00       		.byte	0
 1135 00a7 00       		.byte	0
 1136 00a8 0C       		.uleb128 0xc
 1137 00a9 2E       		.uleb128 0x2e
 1138 00aa 01       		.byte	0x1
 1139 00ab 3F       		.uleb128 0x3f
 1140 00ac 19       		.uleb128 0x19
 1141 00ad 03       		.uleb128 0x3
 1142 00ae 0E       		.uleb128 0xe
 1143 00af 3A       		.uleb128 0x3a
 1144 00b0 0B       		.uleb128 0xb
 1145 00b1 3B       		.uleb128 0x3b
 1146 00b2 0B       		.uleb128 0xb
 1147 00b3 27       		.uleb128 0x27
 1148 00b4 19       		.uleb128 0x19
 1149 00b5 49       		.uleb128 0x49
 1150 00b6 13       		.uleb128 0x13
 1151 00b7 11       		.uleb128 0x11
ARM GAS  C:\Users\USUARIO\AppData\Local\Temp\ccFRNt6D.s 			page 25


 1152 00b8 01       		.uleb128 0x1
 1153 00b9 12       		.uleb128 0x12
 1154 00ba 06       		.uleb128 0x6
 1155 00bb 40       		.uleb128 0x40
 1156 00bc 18       		.uleb128 0x18
 1157 00bd 9742     		.uleb128 0x2117
 1158 00bf 19       		.uleb128 0x19
 1159 00c0 01       		.uleb128 0x1
 1160 00c1 13       		.uleb128 0x13
 1161 00c2 00       		.byte	0
 1162 00c3 00       		.byte	0
 1163 00c4 0D       		.uleb128 0xd
 1164 00c5 05       		.uleb128 0x5
 1165 00c6 00       		.byte	0
 1166 00c7 03       		.uleb128 0x3
 1167 00c8 0E       		.uleb128 0xe
 1168 00c9 3A       		.uleb128 0x3a
 1169 00ca 0B       		.uleb128 0xb
 1170 00cb 3B       		.uleb128 0x3b
 1171 00cc 0B       		.uleb128 0xb
 1172 00cd 49       		.uleb128 0x49
 1173 00ce 13       		.uleb128 0x13
 1174 00cf 02       		.uleb128 0x2
 1175 00d0 18       		.uleb128 0x18
 1176 00d1 00       		.byte	0
 1177 00d2 00       		.byte	0
 1178 00d3 0E       		.uleb128 0xe
 1179 00d4 898201   		.uleb128 0x4109
 1180 00d7 01       		.byte	0x1
 1181 00d8 11       		.uleb128 0x11
 1182 00d9 01       		.uleb128 0x1
 1183 00da 31       		.uleb128 0x31
 1184 00db 13       		.uleb128 0x13
 1185 00dc 01       		.uleb128 0x1
 1186 00dd 13       		.uleb128 0x13
 1187 00de 00       		.byte	0
 1188 00df 00       		.byte	0
 1189 00e0 0F       		.uleb128 0xf
 1190 00e1 8A8201   		.uleb128 0x410a
 1191 00e4 00       		.byte	0
 1192 00e5 02       		.uleb128 0x2
 1193 00e6 18       		.uleb128 0x18
 1194 00e7 9142     		.uleb128 0x2111
 1195 00e9 18       		.uleb128 0x18
 1196 00ea 00       		.byte	0
 1197 00eb 00       		.byte	0
 1198 00ec 10       		.uleb128 0x10
 1199 00ed 898201   		.uleb128 0x4109
 1200 00f0 00       		.byte	0
 1201 00f1 11       		.uleb128 0x11
 1202 00f2 01       		.uleb128 0x1
 1203 00f3 31       		.uleb128 0x31
 1204 00f4 13       		.uleb128 0x13
 1205 00f5 00       		.byte	0
 1206 00f6 00       		.byte	0
 1207 00f7 11       		.uleb128 0x11
 1208 00f8 898201   		.uleb128 0x4109
ARM GAS  C:\Users\USUARIO\AppData\Local\Temp\ccFRNt6D.s 			page 26


 1209 00fb 01       		.byte	0x1
 1210 00fc 11       		.uleb128 0x11
 1211 00fd 01       		.uleb128 0x1
 1212 00fe 31       		.uleb128 0x31
 1213 00ff 13       		.uleb128 0x13
 1214 0100 00       		.byte	0
 1215 0101 00       		.byte	0
 1216 0102 12       		.uleb128 0x12
 1217 0103 34       		.uleb128 0x34
 1218 0104 00       		.byte	0
 1219 0105 03       		.uleb128 0x3
 1220 0106 0E       		.uleb128 0xe
 1221 0107 3A       		.uleb128 0x3a
 1222 0108 0B       		.uleb128 0xb
 1223 0109 3B       		.uleb128 0x3b
 1224 010a 05       		.uleb128 0x5
 1225 010b 49       		.uleb128 0x49
 1226 010c 13       		.uleb128 0x13
 1227 010d 3F       		.uleb128 0x3f
 1228 010e 19       		.uleb128 0x19
 1229 010f 3C       		.uleb128 0x3c
 1230 0110 19       		.uleb128 0x19
 1231 0111 00       		.byte	0
 1232 0112 00       		.byte	0
 1233 0113 13       		.uleb128 0x13
 1234 0114 35       		.uleb128 0x35
 1235 0115 00       		.byte	0
 1236 0116 49       		.uleb128 0x49
 1237 0117 13       		.uleb128 0x13
 1238 0118 00       		.byte	0
 1239 0119 00       		.byte	0
 1240 011a 14       		.uleb128 0x14
 1241 011b 01       		.uleb128 0x1
 1242 011c 01       		.byte	0x1
 1243 011d 49       		.uleb128 0x49
 1244 011e 13       		.uleb128 0x13
 1245 011f 01       		.uleb128 0x1
 1246 0120 13       		.uleb128 0x13
 1247 0121 00       		.byte	0
 1248 0122 00       		.byte	0
 1249 0123 15       		.uleb128 0x15
 1250 0124 21       		.uleb128 0x21
 1251 0125 00       		.byte	0
 1252 0126 49       		.uleb128 0x49
 1253 0127 13       		.uleb128 0x13
 1254 0128 2F       		.uleb128 0x2f
 1255 0129 0B       		.uleb128 0xb
 1256 012a 00       		.byte	0
 1257 012b 00       		.byte	0
 1258 012c 16       		.uleb128 0x16
 1259 012d 34       		.uleb128 0x34
 1260 012e 00       		.byte	0
 1261 012f 03       		.uleb128 0x3
 1262 0130 0E       		.uleb128 0xe
 1263 0131 3A       		.uleb128 0x3a
 1264 0132 0B       		.uleb128 0xb
 1265 0133 3B       		.uleb128 0x3b
ARM GAS  C:\Users\USUARIO\AppData\Local\Temp\ccFRNt6D.s 			page 27


 1266 0134 0B       		.uleb128 0xb
 1267 0135 49       		.uleb128 0x49
 1268 0136 13       		.uleb128 0x13
 1269 0137 3F       		.uleb128 0x3f
 1270 0138 19       		.uleb128 0x19
 1271 0139 02       		.uleb128 0x2
 1272 013a 18       		.uleb128 0x18
 1273 013b 00       		.byte	0
 1274 013c 00       		.byte	0
 1275 013d 17       		.uleb128 0x17
 1276 013e 34       		.uleb128 0x34
 1277 013f 00       		.byte	0
 1278 0140 03       		.uleb128 0x3
 1279 0141 08       		.uleb128 0x8
 1280 0142 3A       		.uleb128 0x3a
 1281 0143 0B       		.uleb128 0xb
 1282 0144 3B       		.uleb128 0x3b
 1283 0145 0B       		.uleb128 0xb
 1284 0146 49       		.uleb128 0x49
 1285 0147 13       		.uleb128 0x13
 1286 0148 3F       		.uleb128 0x3f
 1287 0149 19       		.uleb128 0x19
 1288 014a 02       		.uleb128 0x2
 1289 014b 18       		.uleb128 0x18
 1290 014c 00       		.byte	0
 1291 014d 00       		.byte	0
 1292 014e 18       		.uleb128 0x18
 1293 014f 2E       		.uleb128 0x2e
 1294 0150 00       		.byte	0
 1295 0151 3F       		.uleb128 0x3f
 1296 0152 19       		.uleb128 0x19
 1297 0153 3C       		.uleb128 0x3c
 1298 0154 19       		.uleb128 0x19
 1299 0155 6E       		.uleb128 0x6e
 1300 0156 0E       		.uleb128 0xe
 1301 0157 03       		.uleb128 0x3
 1302 0158 0E       		.uleb128 0xe
 1303 0159 3A       		.uleb128 0x3a
 1304 015a 0B       		.uleb128 0xb
 1305 015b 3B       		.uleb128 0x3b
 1306 015c 0B       		.uleb128 0xb
 1307 015d 00       		.byte	0
 1308 015e 00       		.byte	0
 1309 015f 00       		.byte	0
 1310              		.section	.debug_loc,"",%progbits
 1311              	.Ldebug_loc0:
 1312              	.LLST0:
 1313 0000 00000000 		.4byte	.LVL0
 1314 0004 07000000 		.4byte	.LVL2-1
 1315 0008 0100     		.2byte	0x1
 1316 000a 50       		.byte	0x50
 1317 000b 07000000 		.4byte	.LVL2-1
 1318 000f 24000000 		.4byte	.LVL8
 1319 0013 0100     		.2byte	0x1
 1320 0015 54       		.byte	0x54
 1321 0016 24000000 		.4byte	.LVL8
 1322 001a 28000000 		.4byte	.LFE64
ARM GAS  C:\Users\USUARIO\AppData\Local\Temp\ccFRNt6D.s 			page 28


 1323 001e 0600     		.2byte	0x6
 1324 0020 F3       		.byte	0xf3
 1325 0021 03       		.uleb128 0x3
 1326 0022 F5       		.byte	0xf5
 1327 0023 00       		.uleb128 0
 1328 0024 25       		.uleb128 0x25
 1329 0025 9F       		.byte	0x9f
 1330 0026 00000000 		.4byte	0
 1331 002a 00000000 		.4byte	0
 1332              	.LLST1:
 1333 002e 04000000 		.4byte	.LVL1
 1334 0032 0E000000 		.4byte	.LVL3
 1335 0036 0600     		.2byte	0x6
 1336 0038 9E       		.byte	0x9e
 1337 0039 04       		.uleb128 0x4
 1338 003a 00000000 		.4byte	0
 1339 003e 0E000000 		.4byte	.LVL3
 1340 0042 12000000 		.4byte	.LVL4
 1341 0046 0100     		.2byte	0x1
 1342 0048 50       		.byte	0x50
 1343 0049 12000000 		.4byte	.LVL4
 1344 004d 15000000 		.4byte	.LVL5-1
 1345 0051 0100     		.2byte	0x1
 1346 0053 51       		.byte	0x51
 1347 0054 00000000 		.4byte	0
 1348 0058 00000000 		.4byte	0
 1349              	.LLST2:
 1350 005c 04000000 		.4byte	.LVL1
 1351 0060 1C000000 		.4byte	.LVL6
 1352 0064 0600     		.2byte	0x6
 1353 0066 9E       		.byte	0x9e
 1354 0067 04       		.uleb128 0x4
 1355 0068 00000000 		.4byte	0
 1356 006c 1C000000 		.4byte	.LVL6
 1357 0070 1F000000 		.4byte	.LVL7-1
 1358 0074 0100     		.2byte	0x1
 1359 0076 50       		.byte	0x50
 1360 0077 00000000 		.4byte	0
 1361 007b 00000000 		.4byte	0
 1362              	.LLST3:
 1363 007f 00000000 		.4byte	.LVL9
 1364 0083 05000000 		.4byte	.LVL10-1
 1365 0087 0100     		.2byte	0x1
 1366 0089 50       		.byte	0x50
 1367 008a 05000000 		.4byte	.LVL10-1
 1368 008e 14000000 		.4byte	.LFE65
 1369 0092 0400     		.2byte	0x4
 1370 0094 F3       		.byte	0xf3
 1371 0095 01       		.uleb128 0x1
 1372 0096 50       		.byte	0x50
 1373 0097 9F       		.byte	0x9f
 1374 0098 00000000 		.4byte	0
 1375 009c 00000000 		.4byte	0
 1376              	.LLST4:
 1377 00a0 06000000 		.4byte	.LVL10
 1378 00a4 0B000000 		.4byte	.LVL11-1
 1379 00a8 0100     		.2byte	0x1
ARM GAS  C:\Users\USUARIO\AppData\Local\Temp\ccFRNt6D.s 			page 29


 1380 00aa 50       		.byte	0x50
 1381 00ab 00000000 		.4byte	0
 1382 00af 00000000 		.4byte	0
 1383              	.LLST5:
 1384 00b3 00000000 		.4byte	.LVL12
 1385 00b7 04000000 		.4byte	.LVL13
 1386 00bb 0100     		.2byte	0x1
 1387 00bd 50       		.byte	0x50
 1388 00be 04000000 		.4byte	.LVL13
 1389 00c2 06000000 		.4byte	.LVL14
 1390 00c6 0400     		.2byte	0x4
 1391 00c8 F3       		.byte	0xf3
 1392 00c9 01       		.uleb128 0x1
 1393 00ca 50       		.byte	0x50
 1394 00cb 9F       		.byte	0x9f
 1395 00cc 06000000 		.4byte	.LVL14
 1396 00d0 0C000000 		.4byte	.LVL15
 1397 00d4 0100     		.2byte	0x1
 1398 00d6 50       		.byte	0x50
 1399 00d7 0C000000 		.4byte	.LVL15
 1400 00db 0E000000 		.4byte	.LVL16
 1401 00df 0400     		.2byte	0x4
 1402 00e1 F3       		.byte	0xf3
 1403 00e2 01       		.uleb128 0x1
 1404 00e3 50       		.byte	0x50
 1405 00e4 9F       		.byte	0x9f
 1406 00e5 0E000000 		.4byte	.LVL16
 1407 00e9 10000000 		.4byte	.LVL17
 1408 00ed 0100     		.2byte	0x1
 1409 00ef 50       		.byte	0x50
 1410 00f0 10000000 		.4byte	.LVL17
 1411 00f4 12000000 		.4byte	.LFE66
 1412 00f8 0400     		.2byte	0x4
 1413 00fa F3       		.byte	0xf3
 1414 00fb 01       		.uleb128 0x1
 1415 00fc 50       		.byte	0x50
 1416 00fd 9F       		.byte	0x9f
 1417 00fe 00000000 		.4byte	0
 1418 0102 00000000 		.4byte	0
 1419              	.LLST6:
 1420 0106 00000000 		.4byte	.LVL12
 1421 010a 04000000 		.4byte	.LVL13
 1422 010e 0200     		.2byte	0x2
 1423 0110 30       		.byte	0x30
 1424 0111 9F       		.byte	0x9f
 1425 0112 04000000 		.4byte	.LVL13
 1426 0116 06000000 		.4byte	.LVL14
 1427 011a 0100     		.2byte	0x1
 1428 011c 50       		.byte	0x50
 1429 011d 06000000 		.4byte	.LVL14
 1430 0121 0C000000 		.4byte	.LVL15
 1431 0125 0200     		.2byte	0x2
 1432 0127 30       		.byte	0x30
 1433 0128 9F       		.byte	0x9f
 1434 0129 0C000000 		.4byte	.LVL15
 1435 012d 0E000000 		.4byte	.LVL16
 1436 0131 0100     		.2byte	0x1
ARM GAS  C:\Users\USUARIO\AppData\Local\Temp\ccFRNt6D.s 			page 30


 1437 0133 50       		.byte	0x50
 1438 0134 0E000000 		.4byte	.LVL16
 1439 0138 10000000 		.4byte	.LVL17
 1440 013c 0200     		.2byte	0x2
 1441 013e 30       		.byte	0x30
 1442 013f 9F       		.byte	0x9f
 1443 0140 10000000 		.4byte	.LVL17
 1444 0144 12000000 		.4byte	.LFE66
 1445 0148 0100     		.2byte	0x1
 1446 014a 50       		.byte	0x50
 1447 014b 00000000 		.4byte	0
 1448 014f 00000000 		.4byte	0
 1449              	.LLST7:
 1450 0153 00000000 		.4byte	.LVL18
 1451 0157 04000000 		.4byte	.LVL19
 1452 015b 0100     		.2byte	0x1
 1453 015d 50       		.byte	0x50
 1454 015e 04000000 		.4byte	.LVL19
 1455 0162 06000000 		.4byte	.LFE67
 1456 0166 0400     		.2byte	0x4
 1457 0168 F3       		.byte	0xf3
 1458 0169 01       		.uleb128 0x1
 1459 016a 50       		.byte	0x50
 1460 016b 9F       		.byte	0x9f
 1461 016c 00000000 		.4byte	0
 1462 0170 00000000 		.4byte	0
 1463              	.LLST8:
 1464 0174 00000000 		.4byte	.LVL18
 1465 0178 04000000 		.4byte	.LVL19
 1466 017c 0600     		.2byte	0x6
 1467 017e 70       		.byte	0x70
 1468 017f 00       		.sleb128 0
 1469 0180 08       		.byte	0x8
 1470 0181 FF       		.byte	0xff
 1471 0182 1A       		.byte	0x1a
 1472 0183 9F       		.byte	0x9f
 1473 0184 04000000 		.4byte	.LVL19
 1474 0188 06000000 		.4byte	.LFE67
 1475 018c 0700     		.2byte	0x7
 1476 018e F3       		.byte	0xf3
 1477 018f 01       		.uleb128 0x1
 1478 0190 50       		.byte	0x50
 1479 0191 08       		.byte	0x8
 1480 0192 FF       		.byte	0xff
 1481 0193 1A       		.byte	0x1a
 1482 0194 9F       		.byte	0x9f
 1483 0195 00000000 		.4byte	0
 1484 0199 00000000 		.4byte	0
 1485              	.LLST9:
 1486 019d 00000000 		.4byte	.LVL18
 1487 01a1 04000000 		.4byte	.LVL19
 1488 01a5 0800     		.2byte	0x8
 1489 01a7 70       		.byte	0x70
 1490 01a8 00       		.sleb128 0
 1491 01a9 38       		.byte	0x38
 1492 01aa 24       		.byte	0x24
 1493 01ab 71       		.byte	0x71
ARM GAS  C:\Users\USUARIO\AppData\Local\Temp\ccFRNt6D.s 			page 31


 1494 01ac 00       		.sleb128 0
 1495 01ad 21       		.byte	0x21
 1496 01ae 9F       		.byte	0x9f
 1497 01af 00000000 		.4byte	0
 1498 01b3 00000000 		.4byte	0
 1499              	.LLST10:
 1500 01b7 02000000 		.4byte	.LVL20
 1501 01bb 24000000 		.4byte	.LVL27
 1502 01bf 0200     		.2byte	0x2
 1503 01c1 30       		.byte	0x30
 1504 01c2 9F       		.byte	0x9f
 1505 01c3 24000000 		.4byte	.LVL27
 1506 01c7 27000000 		.4byte	.LVL28-1
 1507 01cb 0100     		.2byte	0x1
 1508 01cd 50       		.byte	0x50
 1509 01ce 27000000 		.4byte	.LVL28-1
 1510 01d2 28000000 		.4byte	.LVL28
 1511 01d6 0100     		.2byte	0x1
 1512 01d8 54       		.byte	0x54
 1513 01d9 28000000 		.4byte	.LVL28
 1514 01dd 2C000000 		.4byte	.LVL29
 1515 01e1 0600     		.2byte	0x6
 1516 01e3 74       		.byte	0x74
 1517 01e4 00       		.sleb128 0
 1518 01e5 70       		.byte	0x70
 1519 01e6 00       		.sleb128 0
 1520 01e7 1C       		.byte	0x1c
 1521 01e8 9F       		.byte	0x9f
 1522 01e9 2C000000 		.4byte	.LVL29
 1523 01ed 2F000000 		.4byte	.LVL30-1
 1524 01f1 0100     		.2byte	0x1
 1525 01f3 50       		.byte	0x50
 1526 01f4 00000000 		.4byte	0
 1527 01f8 00000000 		.4byte	0
 1528              	.LLST11:
 1529 01fc 02000000 		.4byte	.LVL20
 1530 0200 30000000 		.4byte	.LVL30
 1531 0204 0200     		.2byte	0x2
 1532 0206 30       		.byte	0x30
 1533 0207 9F       		.byte	0x9f
 1534 0208 30000000 		.4byte	.LVL30
 1535 020c 32000000 		.4byte	.LFE68
 1536 0210 0100     		.2byte	0x1
 1537 0212 50       		.byte	0x50
 1538 0213 00000000 		.4byte	0
 1539 0217 00000000 		.4byte	0
 1540              	.LLST12:
 1541 021b 02000000 		.4byte	.LVL20
 1542 021f 28000000 		.4byte	.LVL28
 1543 0223 0200     		.2byte	0x2
 1544 0225 30       		.byte	0x30
 1545 0226 9F       		.byte	0x9f
 1546 0227 28000000 		.4byte	.LVL28
 1547 022b 2C000000 		.4byte	.LVL29
 1548 022f 0100     		.2byte	0x1
 1549 0231 50       		.byte	0x50
 1550 0232 00000000 		.4byte	0
ARM GAS  C:\Users\USUARIO\AppData\Local\Temp\ccFRNt6D.s 			page 32


 1551 0236 00000000 		.4byte	0
 1552              	.LLST13:
 1553 023a 00000000 		.4byte	.LVL31
 1554 023e 08000000 		.4byte	.LVL33
 1555 0242 0100     		.2byte	0x1
 1556 0244 50       		.byte	0x50
 1557 0245 08000000 		.4byte	.LVL33
 1558 0249 7C000000 		.4byte	.LVL58
 1559 024d 0100     		.2byte	0x1
 1560 024f 55       		.byte	0x55
 1561 0250 7C000000 		.4byte	.LVL58
 1562 0254 80000000 		.4byte	.LFE69
 1563 0258 0400     		.2byte	0x4
 1564 025a F3       		.byte	0xf3
 1565 025b 01       		.uleb128 0x1
 1566 025c 50       		.byte	0x50
 1567 025d 9F       		.byte	0x9f
 1568 025e 00000000 		.4byte	0
 1569 0262 00000000 		.4byte	0
 1570              	.LLST14:
 1571 0266 00000000 		.4byte	.LVL31
 1572 026a 0B000000 		.4byte	.LVL34-1
 1573 026e 0100     		.2byte	0x1
 1574 0270 51       		.byte	0x51
 1575 0271 0B000000 		.4byte	.LVL34-1
 1576 0275 80000000 		.4byte	.LFE69
 1577 0279 0400     		.2byte	0x4
 1578 027b F3       		.byte	0xf3
 1579 027c 01       		.uleb128 0x1
 1580 027d 51       		.byte	0x51
 1581 027e 9F       		.byte	0x9f
 1582 027f 00000000 		.4byte	0
 1583 0283 00000000 		.4byte	0
 1584              	.LLST15:
 1585 0287 06000000 		.4byte	.LVL32
 1586 028b 2A000000 		.4byte	.LVL40
 1587 028f 0200     		.2byte	0x2
 1588 0291 30       		.byte	0x30
 1589 0292 9F       		.byte	0x9f
 1590 0293 2A000000 		.4byte	.LVL40
 1591 0297 2C000000 		.4byte	.LVL41
 1592 029b 0100     		.2byte	0x1
 1593 029d 50       		.byte	0x50
 1594 029e 2C000000 		.4byte	.LVL41
 1595 02a2 4C000000 		.4byte	.LVL47
 1596 02a6 0200     		.2byte	0x2
 1597 02a8 30       		.byte	0x30
 1598 02a9 9F       		.byte	0x9f
 1599 02aa 4C000000 		.4byte	.LVL47
 1600 02ae 4E000000 		.4byte	.LVL48
 1601 02b2 0100     		.2byte	0x1
 1602 02b4 50       		.byte	0x50
 1603 02b5 4E000000 		.4byte	.LVL48
 1604 02b9 50000000 		.4byte	.LVL49
 1605 02bd 0200     		.2byte	0x2
 1606 02bf 30       		.byte	0x30
 1607 02c0 9F       		.byte	0x9f
ARM GAS  C:\Users\USUARIO\AppData\Local\Temp\ccFRNt6D.s 			page 33


 1608 02c1 50000000 		.4byte	.LVL49
 1609 02c5 54000000 		.4byte	.LVL50
 1610 02c9 0100     		.2byte	0x1
 1611 02cb 54       		.byte	0x54
 1612 02cc 54000000 		.4byte	.LVL50
 1613 02d0 58000000 		.4byte	.LVL51
 1614 02d4 0600     		.2byte	0x6
 1615 02d6 74       		.byte	0x74
 1616 02d7 00       		.sleb128 0
 1617 02d8 70       		.byte	0x70
 1618 02d9 00       		.sleb128 0
 1619 02da 1C       		.byte	0x1c
 1620 02db 9F       		.byte	0x9f
 1621 02dc 58000000 		.4byte	.LVL51
 1622 02e0 5B000000 		.4byte	.LVL52-1
 1623 02e4 0100     		.2byte	0x1
 1624 02e6 50       		.byte	0x50
 1625 02e7 00000000 		.4byte	0
 1626 02eb 00000000 		.4byte	0
 1627              	.LLST16:
 1628 02ef 5C000000 		.4byte	.LVL52
 1629 02f3 5F000000 		.4byte	.LVL53-1
 1630 02f7 0100     		.2byte	0x1
 1631 02f9 50       		.byte	0x50
 1632 02fa 00000000 		.4byte	0
 1633 02fe 00000000 		.4byte	0
 1634              	.LLST17:
 1635 0302 06000000 		.4byte	.LVL32
 1636 0306 7A000000 		.4byte	.LVL57
 1637 030a 0200     		.2byte	0x2
 1638 030c 30       		.byte	0x30
 1639 030d 9F       		.byte	0x9f
 1640 030e 7A000000 		.4byte	.LVL57
 1641 0312 80000000 		.4byte	.LFE69
 1642 0316 0100     		.2byte	0x1
 1643 0318 50       		.byte	0x50
 1644 0319 00000000 		.4byte	0
 1645 031d 00000000 		.4byte	0
 1646              	.LLST18:
 1647 0321 06000000 		.4byte	.LVL32
 1648 0325 54000000 		.4byte	.LVL50
 1649 0329 0200     		.2byte	0x2
 1650 032b 30       		.byte	0x30
 1651 032c 9F       		.byte	0x9f
 1652 032d 54000000 		.4byte	.LVL50
 1653 0331 58000000 		.4byte	.LVL51
 1654 0335 0100     		.2byte	0x1
 1655 0337 50       		.byte	0x50
 1656 0338 00000000 		.4byte	0
 1657 033c 00000000 		.4byte	0
 1658              		.section	.debug_aranges,"",%progbits
 1659 0000 44000000 		.4byte	0x44
 1660 0004 0200     		.2byte	0x2
 1661 0006 00000000 		.4byte	.Ldebug_info0
 1662 000a 04       		.byte	0x4
 1663 000b 00       		.byte	0
 1664 000c 0000     		.2byte	0
ARM GAS  C:\Users\USUARIO\AppData\Local\Temp\ccFRNt6D.s 			page 34


 1665 000e 0000     		.2byte	0
 1666 0010 00000000 		.4byte	.LFB64
 1667 0014 28000000 		.4byte	.LFE64-.LFB64
 1668 0018 00000000 		.4byte	.LFB65
 1669 001c 14000000 		.4byte	.LFE65-.LFB65
 1670 0020 00000000 		.4byte	.LFB66
 1671 0024 12000000 		.4byte	.LFE66-.LFB66
 1672 0028 00000000 		.4byte	.LFB67
 1673 002c 06000000 		.4byte	.LFE67-.LFB67
 1674 0030 00000000 		.4byte	.LFB68
 1675 0034 32000000 		.4byte	.LFE68-.LFB68
 1676 0038 00000000 		.4byte	.LFB69
 1677 003c 80000000 		.4byte	.LFE69-.LFB69
 1678 0040 00000000 		.4byte	0
 1679 0044 00000000 		.4byte	0
 1680              		.section	.debug_ranges,"",%progbits
 1681              	.Ldebug_ranges0:
 1682 0000 00000000 		.4byte	.LFB64
 1683 0004 28000000 		.4byte	.LFE64
 1684 0008 00000000 		.4byte	.LFB65
 1685 000c 14000000 		.4byte	.LFE65
 1686 0010 00000000 		.4byte	.LFB66
 1687 0014 12000000 		.4byte	.LFE66
 1688 0018 00000000 		.4byte	.LFB67
 1689 001c 06000000 		.4byte	.LFE67
 1690 0020 00000000 		.4byte	.LFB68
 1691 0024 32000000 		.4byte	.LFE68
 1692 0028 00000000 		.4byte	.LFB69
 1693 002c 80000000 		.4byte	.LFE69
 1694 0030 00000000 		.4byte	0
 1695 0034 00000000 		.4byte	0
 1696              		.section	.debug_line,"",%progbits
 1697              	.Ldebug_line0:
 1698 0000 39020000 		.section	.debug_str,"MS",%progbits,1
 1698      0200A501 
 1698      00000201 
 1698      FB0E0D00 
 1698      01010101 
 1699              	.LASF0:
 1700 0000 666C6F61 		.ascii	"float\000"
 1700      7400
 1701              	.LASF39:
 1702 0006 4D656173 		.ascii	"MeasureRefResVoltage\000"
 1702      75726552 
 1702      65665265 
 1702      73566F6C 
 1702      74616765 
 1703              	.LASF32:
 1704 001b 636F6E76 		.ascii	"convert8\000"
 1704      65727438 
 1704      00
 1705              	.LASF40:
 1706 0024 72746452 		.ascii	"rtdRefResult\000"
 1706      65665265 
 1706      73756C74 
 1706      00
 1707              	.LASF38:
ARM GAS  C:\Users\USUARIO\AppData\Local\Temp\ccFRNt6D.s 			page 35


 1708 0031 74656D70 		.ascii	"temp\000"
 1708      00
 1709              	.LASF3:
 1710 0036 73686F72 		.ascii	"short int\000"
 1710      7420696E 
 1710      7400
 1711              	.LASF59:
 1712 0040 4765744F 		.ascii	"GetOffset\000"
 1712      66667365 
 1712      7400
 1713              	.LASF19:
 1714 004a 73697A65 		.ascii	"sizetype\000"
 1714      74797065 
 1714      00
 1715              	.LASF23:
 1716 0053 4D696E75 		.ascii	"Minutos\000"
 1716      746F7300 
 1717              	.LASF29:
 1718 005b 696E7474 		.ascii	"inttofloat\000"
 1718      6F666C6F 
 1718      617400
 1719              	.LASF16:
 1720 0066 646F7562 		.ascii	"double\000"
 1720      6C6500
 1721              	.LASF60:
 1722 006d 46696C74 		.ascii	"FilterSignal\000"
 1722      65725369 
 1722      676E616C 
 1722      00
 1723              	.LASF57:
 1724 007a 4144435F 		.ascii	"ADC_IsEndConversion\000"
 1724      4973456E 
 1724      64436F6E 
 1724      76657273 
 1724      696F6E00 
 1725              	.LASF54:
 1726 008e 4144434D 		.ascii	"ADCMux_FastSelect\000"
 1726      75785F46 
 1726      61737453 
 1726      656C6563 
 1726      7400
 1727              	.LASF22:
 1728 00a0 486F7261 		.ascii	"Horas\000"
 1728      7300
 1729              	.LASF13:
 1730 00a6 75696E74 		.ascii	"uint16\000"
 1730      313600
 1731              	.LASF21:
 1732 00ad 54656D70 		.ascii	"TemperaturaInt\000"
 1732      65726174 
 1732      75726149 
 1732      6E7400
 1733              	.LASF12:
 1734 00bc 75696E74 		.ascii	"uint8\000"
 1734      3800
 1735              	.LASF43:
 1736 00c2 47657452 		.ascii	"GetRTDRes\000"
ARM GAS  C:\Users\USUARIO\AppData\Local\Temp\ccFRNt6D.s 			page 36


 1736      54445265 
 1736      7300
 1737              	.LASF51:
 1738 00cc 50726F6D 		.ascii	"Prom\000"
 1738      00
 1739              	.LASF62:
 1740 00d1 67657452 		.ascii	"getResistance.c\000"
 1740      65736973 
 1740      74616E63 
 1740      652E6300 
 1741              	.LASF7:
 1742 00e1 6C6F6E67 		.ascii	"long long int\000"
 1742      206C6F6E 
 1742      6720696E 
 1742      7400
 1743              	.LASF14:
 1744 00ef 696E7438 		.ascii	"int8\000"
 1744      00
 1745              	.LASF5:
 1746 00f4 6C6F6E67 		.ascii	"long int\000"
 1746      20696E74 
 1746      00
 1747              	.LASF24:
 1748 00fd 48756D65 		.ascii	"Humedad\000"
 1748      64616400 
 1749              	.LASF20:
 1750 0105 54656D70 		.ascii	"TemperaturaDec\000"
 1750      65726174 
 1750      75726144 
 1750      656300
 1751              	.LASF27:
 1752 0114 656E7465 		.ascii	"entero\000"
 1752      726F00
 1753              	.LASF18:
 1754 011b 6C6F6E67 		.ascii	"long double\000"
 1754      20646F75 
 1754      626C6500 
 1755              	.LASF2:
 1756 0127 756E7369 		.ascii	"unsigned char\000"
 1756      676E6564 
 1756      20636861 
 1756      7200
 1757              	.LASF1:
 1758 0135 7369676E 		.ascii	"signed char\000"
 1758      65642063 
 1758      68617200 
 1759              	.LASF8:
 1760 0141 6C6F6E67 		.ascii	"long long unsigned int\000"
 1760      206C6F6E 
 1760      6720756E 
 1760      7369676E 
 1760      65642069 
 1761              	.LASF35:
 1762 0158 636F6E76 		.ascii	"convert16\000"
 1762      65727431 
 1762      3600
 1763              	.LASF58:
ARM GAS  C:\Users\USUARIO\AppData\Local\Temp\ccFRNt6D.s 			page 37


 1764 0162 4144435F 		.ascii	"ADC_GetResult32\000"
 1764      47657452 
 1764      6573756C 
 1764      74333200 
 1765              	.LASF9:
 1766 0172 756E7369 		.ascii	"unsigned int\000"
 1766      676E6564 
 1766      20696E74 
 1766      00
 1767              	.LASF48:
 1768 017f 72746452 		.ascii	"rtdRes\000"
 1768      657300
 1769              	.LASF4:
 1770 0186 73686F72 		.ascii	"short unsigned int\000"
 1770      7420756E 
 1770      7369676E 
 1770      65642069 
 1770      6E7400
 1771              	.LASF44:
 1772 0199 76526566 		.ascii	"vRef\000"
 1772      00
 1773              	.LASF17:
 1774 019e 63686172 		.ascii	"char\000"
 1774      00
 1775              	.LASF26:
 1776 01a3 50657273 		.ascii	"Personalizado\000"
 1776      6F6E616C 
 1776      697A6164 
 1776      6F00
 1777              	.LASF11:
 1778 01b1 696E7433 		.ascii	"int32_t\000"
 1778      325F7400 
 1779              	.LASF36:
 1780 01b9 6E69626C 		.ascii	"nibleh\000"
 1780      656800
 1781              	.LASF37:
 1782 01c0 6E69626C 		.ascii	"niblel\000"
 1782      656C00
 1783              	.LASF50:
 1784 01c7 72616D70 		.ascii	"rampas\000"
 1784      617300
 1785              	.LASF45:
 1786 01ce 6368616E 		.ascii	"channel\000"
 1786      6E656C00 
 1787              	.LASF30:
 1788 01d6 64617461 		.ascii	"data\000"
 1788      00
 1789              	.LASF31:
 1790 01db 64656369 		.ascii	"decimal\000"
 1790      6D616C00 
 1791              	.LASF46:
 1792 01e3 72746452 		.ascii	"rtdResult\000"
 1792      6573756C 
 1792      7400
 1793              	.LASF6:
 1794 01ed 6C6F6E67 		.ascii	"long unsigned int\000"
 1794      20756E73 
ARM GAS  C:\Users\USUARIO\AppData\Local\Temp\ccFRNt6D.s 			page 38


 1794      69676E65 
 1794      6420696E 
 1794      7400
 1795              	.LASF15:
 1796 01ff 696E7433 		.ascii	"int32\000"
 1796      3200
 1797              	.LASF34:
 1798 0205 6461746F 		.ascii	"dato\000"
 1798      00
 1799              	.LASF63:
 1800 020a 443A5C4C 		.ascii	"D:\\Laboratorio\\Incubadora\\2020\\Incubadora Refri"
 1800      61626F72 
 1800      61746F72 
 1800      696F5C49 
 1800      6E637562 
 1801 0239 67657261 		.ascii	"gerada Peltier Touch DYM 750L #0045884XX OP2020354\\"
 1801      64612050 
 1801      656C7469 
 1801      65722054 
 1801      6F756368 
 1802 026c 4669726D 		.ascii	"Firmware Psoc\\LCD2\\IncubadoraRefrigerada.cydsn\000"
 1802      77617265 
 1802      2050736F 
 1802      635C4C43 
 1802      44325C49 
 1803              	.LASF52:
 1804 029b 70726F6D 		.ascii	"promedio2\000"
 1804      6564696F 
 1804      3200
 1805              	.LASF28:
 1806 02a5 65787472 		.ascii	"extraeDecimal\000"
 1806      61654465 
 1806      63696D61 
 1806      6C00
 1807              	.LASF53:
 1808 02b3 43757272 		.ascii	"CurrentMux_FastSelect\000"
 1808      656E744D 
 1808      75785F46 
 1808      61737453 
 1808      656C6563 
 1809              	.LASF10:
 1810 02c9 5F5F696E 		.ascii	"__int32_t\000"
 1810      7433325F 
 1810      7400
 1811              	.LASF42:
 1812 02d3 7A65726F 		.ascii	"zeroCurrentOffset\000"
 1812      43757272 
 1812      656E744F 
 1812      66667365 
 1812      7400
 1813              	.LASF25:
 1814 02e5 54656D70 		.ascii	"Temperatura\000"
 1814      65726174 
 1814      75726100 
 1815              	.LASF56:
 1816 02f1 4144435F 		.ascii	"ADC_StartConvert\000"
 1816      53746172 
ARM GAS  C:\Users\USUARIO\AppData\Local\Temp\ccFRNt6D.s 			page 39


 1816      74436F6E 
 1816      76657274 
 1816      00
 1817              	.LASF33:
 1818 0302 6E69626C 		.ascii	"nible\000"
 1818      6500
 1819              	.LASF49:
 1820 0308 49544D5F 		.ascii	"ITM_RxBuffer\000"
 1820      52784275 
 1820      66666572 
 1820      00
 1821              	.LASF61:
 1822 0315 474E5520 		.ascii	"GNU C11 5.4.1 20160609 (release) [ARM/embedded-5-br"
 1822      43313120 
 1822      352E342E 
 1822      31203230 
 1822      31363036 
 1823 0348 616E6368 		.ascii	"anch revision 237715] -mcpu=cortex-m3 -mthumb -g -O"
 1823      20726576 
 1823      6973696F 
 1823      6E203233 
 1823      37373135 
 1824 037b 67202D66 		.ascii	"g -ffunction-sections -ffat-lto-objects\000"
 1824      66756E63 
 1824      74696F6E 
 1824      2D736563 
 1824      74696F6E 
 1825              	.LASF55:
 1826 03a3 49444143 		.ascii	"IDAC_SetValue\000"
 1826      5F536574 
 1826      56616C75 
 1826      6500
 1827              	.LASF47:
 1828 03b1 66696C52 		.ascii	"filRtdResult\000"
 1828      74645265 
 1828      73756C74 
 1828      00
 1829              	.LASF41:
 1830 03be 66696C52 		.ascii	"filRtdRefResult\000"
 1830      74645265 
 1830      66526573 
 1830      756C7400 
 1831              		.ident	"GCC: (GNU Tools for ARM Embedded Processors) 5.4.1 20160609 (release) [ARM/embedded-5-bran
