
ROM used: 30228 (92%)
          30228 (92%) including unused fragments

          9 Average locations per line
          18 Average locations per statement

RAM used: 1554 (76%) at main() level
          1606 (78%) worst case

Stack used: 5 worst case (out of 31 total available)

Lines Stmts  %   Files
----- ----- ---  -----
 1814  1417  85  Horno.c
  451     0   0  C:\Program Files (x86)\PICC\Devices\18F4550.h
  354    78   5  HDM64GS12.c
  556   167  10  GRAPHICS.c
   68     0   0  imagen.h
----- -----
 3243  1662 Total

Page ROM  %  RAM   Vol Diff  Functions:
---- --- --- ---   --- ----  ----------
0     42   0   1             @delay_ms1
0    168   0   1   580  3.2  glcd_init
0    184   0   7   609  5.4  glcd_update
0    188   0   9   466  7.8  glcd_pixel
0     90   0  10   317  4.7  glcd_fillScreen
0     64   0   2   257  2.8  glcd_writeByte
0    282   0   0             @const95
0    246   0   0             @const98
0    318   1  17  1475  8.8  glcd_line
0    194   0   6  1036  5.8  glcd_rect
0    554   1  12  1822  8.6  glcd_circle
0     78   0   2             @MUL88
0    440   1  20  1550 11.2  glcd_text57
0   1048   2   0             @const174
0    110   0   2   142  3.9  ActualizaRecta
0    632   1  16             @ADDFF
0     90   0   5   100  2.1  sensores
0     54   0   2             @ITOF
0    934   2   5   715  7.7  Leer_Sensor
0    350   1  14             @DIVFF
0     34   0   5             @MUL1616
0    246   0  11             @MULFF
0   1484   2   4  1955  9.3  Controla
0    122   0  10             @FLT
0     60   0   4             @SFTOI
0    250   0   8   868  5.1  displayMenu
0    454   1  16  1613  5.0  displayTiempo
0     32   0   1             @SPRINTF
0     44   0   3             @DIV88
0    134   0   2             @PRINTF_U_291
0    440   1  17  1550  5.0  displayTemperatura
0    190   0   9             @PRINTF_LU_291
0    178   0   6   483  7.8  glcd_imagen
0     88   0   1   331  3.7  temp1s
0    120   0  18   330  3.4  displayT
0     68   0   5             @FTOSD
0    128   0  13             @DIV3232
0    438   1  13             @PRINTF_L32D_291FPFPF
0    182   0  15   603  4.5  displayContrasena
0    224   0   6             @PRINTF_D_291
0  17546  29   4 78313 14.0  MAIN
0     38   0   0             @const349
0     42   0   0             @const350
0     42   0   0             @const351
0     36   0   0             @const352
0     38   0   0             @const353
0     32   0   0             @const354
0     36   0   0             @const356
0     38   0   0             @const358
0     32   0   0             @const359
0     42   0   0             @const360
0     38   0   0             @const362
0     40   0   0             @const364
0     40   0   0             @const366
0     36   0   0             @const368
0     30   0   0             @const369
0     30   0   0             @const370
0     28   0   0             @const373
0     36   0   0             @const375
0     28   0   0             @const376
0     38   0   0             @const382
0     46   0   0             @const383
0     44   0   0             @const384
0     44   0   0             @const386
0     42   0   0             @const387
0     48   0   0             @const388
0     44   0   0             @const389
0     32   0   0             @const392
0     28   0   0             @const393
0     32   0   0             @const395
0     32   0   0             @const397
0     44   0   0             @const398
0     44   0   0             @const399
0     36   0   0             @const400
0     36   0   0             @const405
0     34   0   0             @const407
0     36   0   0             @const409
0     36   0   0             @const411
0     38   0   0             @const413
0     38   0   0             @const415
0     34   0   0             @const419
0     34   0   0             @const420
0     32   0   0             @const421

Program metrics:
    Functions               21
    Statements              1662
    Comments                604
    Volume (V)              114010
    Difficilty (D)          129.5
    Effort to implement (E) 14760215
    Time to implement (T)   227 hours, 47 minutes
    Est Delivered Bugs (B)  20
    Cyclomatic Complexity   296
    Maintainability (MI)    97

 Segment     Used  Free
-----------  ----  ----
00000-00002     4  0  
00004-00006     0  4  
00008-00094   142  0  
00096-07FFE  30082  2536  



