
ROM used: 31800 (97%)
          31800 (97%) including unused fragments

          9 Average locations per line
          19 Average locations per statement

RAM used: 1617 (79%) at main() level
          1672 (82%) worst case

Stack used: 5 worst case (out of 31 total available)

Lines Stmts  %   Files
----- ----- ---  -----
 1949  1433  85  Horno.c
  451     0   0  C:\Program Files (x86)\PICC\Devices\18F4550.h
  354    78   5  HDM64GS12.c
  556   167  10  GRAPHICS.c
   68     0   0  imagen.h
----- -----
 3378  1678 Total

Page ROM  %  RAM   Vol Diff  Functions:
---- --- --- ---   --- ----  ----------
0     42   0   1             @delay_ms1
0    168   0   1   580  3.2  glcd_init
0    184   0   7   609  5.4  glcd_update
0    188   0   9   466  7.8  glcd_pixel
0     90   0  10   317  4.7  glcd_fillScreen
0     64   0   2   257  2.8  glcd_writeByte
0    282   0   0             @const95
0    246   0   0             @const98
0    318   0  17  1475  8.8  glcd_line
0    194   0   6  1036  5.8  glcd_rect
0    554   1  12  1822  8.6  glcd_circle
0     78   0   2             @MUL88
0    440   1  20  1550 11.2  glcd_text57
0   1048   2   0             @const174
0    110   0   2   142  3.9  ActualizaRecta
0    632   1  16             @ADDFF
0     40   0   1   204  2.3  Velocidades
0    146   0   0   933  2.9  Teclado
0     90   0   5   100  2.1  sensores
0     54   0   2             @ITOF
0    434   1   5   412  6.9  Leer_Sensor
0    246   0  11             @MULFF
0     34   0   5             @MUL1616
0    350   1  14             @DIVFF
0   2422   4   4  3365  8.9  Controla
0    122   0  10             @FLT
0     60   0   4             @SFTOI
0    250   0   8   868  5.1  displayMenu
0    648   1  21  1912  5.5  displayTemps
0     32   0   1             @SPRINTF
0     68   0   5             @FTOSD
0    128   0  13             @DIV3232
0    436   1  13             @PRINTF_L32D_309FPFPF
0     28   0   0             @const319
0    454   1  16  1613  5.0  displayTiempo
0     44   0   3             @DIV88
0    134   0   2             @PRINTF_U_309
0    440   1  17  1550  5.0  displayTemperatura
0    190   0   9             @PRINTF_LU_309
0    178   0   6   483  7.8  glcd_imagen
0    148   0   1   642  5.3  temp1s
0    122   0  18   330  3.4  displayT
0    182   0  15   603  4.5  displayContrasena
0    224   0   6             @PRINTF_D_309
0  17814  28   4 71064 14.0  MAIN
0     38   0   0             @const378
0     42   0   0             @const379
0     42   0   0             @const380
0     38   0   0             @const381
0     38   0   0             @const382
0     32   0   0             @const383
0     36   0   0             @const385
0     38   0   0             @const387
0     32   0   0             @const388
0     42   0   0             @const389
0     48   0   0             @const391
0     40   0   0             @const393
0     40   0   0             @const395
0     38   0   0             @const397
0     38   0   0             @const398
0     40   0   0             @const400
0     40   0   0             @const402
0     40   0   0             @const404
0     36   0   0             @const407
0     28   0   0             @const408
0     38   0   0             @const414
0     46   0   0             @const415
0     44   0   0             @const416
0     44   0   0             @const418
0     48   0   0             @const419
0     44   0   0             @const420
0     32   0   0             @const421
0     32   0   0             @const424
0     28   0   0             @const425
0     32   0   0             @const426
0     32   0   0             @const428
0     32   0   0             @const430
0     36   0   0             @const431
0     34   0   0             @const433
0     36   0   0             @const435
0     36   0   0             @const437
0     38   0   0             @const439
0     34   0   0             @const443
0     34   0   0             @const444
0     32   0   0             @const445

Program metrics:
    Functions               24
    Statements              1678
    Comments                678
    Volume (V)              115012
    Difficilty (D)          140.8
    Effort to implement (E) 16191268
    Time to implement (T)   249 hours, 52 minutes
    Est Delivered Bugs (B)  21
    Cyclomatic Complexity   301
    Maintainability (MI)    102

 Segment     Used  Free
-----------  ----  ----
00000-00002     4  0  
00004-00006     0  4  
00008-00094   142  0  
00096-07FFE  31654  964  



