
ROM used: 32002 (98%)
          32002 (98%) including unused fragments

          10 Average locations per line
          19 Average locations per statement

RAM used: 1617 (79%) at main() level
          1672 (82%) worst case

Stack used: 5 worst case (out of 31 total available)

Lines Stmts  %   Files
----- ----- ---  -----
 1924  1408  85  Horno.c
  451     0   0  C:\Program Files (x86)\PICC\Devices\18F4550.h
  354    78   5  HDM64GS12.c
  556   167  10  GRAPHICS.c
   68     0   0  imagen.h
----- -----
 3353  1653 Total

Page ROM  %  RAM   Vol Diff  Functions:
---- --- --- ---   --- ----  ----------
0     42   0   1             @delay_ms1
0    168   0   1   580  3.2  glcd_init
0    184   0   7   609  5.4  glcd_update
0    188   0   9   466  7.8  glcd_pixel
0     90   0  10   317  4.7  glcd_fillScreen
0     64   0   2   257  2.8  glcd_writeByte
0    282   0   0             @const95
0    246   0   0             @const98
0    318   0  17  1475  8.8  glcd_line
0    194   0   6  1036  5.8  glcd_rect
0    554   1  12  1822  8.6  glcd_circle
0     78   0   2             @MUL88
0    440   1  20  1550 11.2  glcd_text57
0   1048   2   0             @const174
0    110   0   2   142  3.9  ActualizaRecta
0    632   1  16             @ADDFF
0     40   0   1   204  2.3  Velocidades
0    146   0   0   933  2.9  Teclado
0     90   0   5   100  2.1  sensores
0     54   0   2             @ITOF
0    954   1   5   715  7.7  Leer_Sensor
0    350   1  14             @DIVFF
0     34   0   5             @MUL1616
0    246   0  11             @MULFF
0   2170   3   4  2751  9.0  Controla
0    122   0  10             @FLT
0     60   0   4             @SFTOI
0    250   0   8   868  5.1  displayMenu
0    648   1  21  1912  5.5  displayTemps
0     32   0   1             @SPRINTF
0     68   0   5             @FTOSD
0    128   0  13             @DIV3232
0    436   1  13             @PRINTF_L32D_312FPFPF
0     28   0   0             @const322
0    454   1  16  1613  5.0  displayTiempo
0     44   0   3             @DIV88
0    134   0   2             @PRINTF_U_312
0    440   1  17  1550  5.0  displayTemperatura
0    190   0   9             @PRINTF_LU_312
0    178   0   6   483  7.8  glcd_imagen
0    102   0   1   394  3.7  temp1s
0    122   0  18   330  3.4  displayT
0    182   0  15   603  4.5  displayContrasena
0    224   0   6             @PRINTF_D_312
0  17794  28   4 71020 13.5  MAIN
0     38   0   0             @const381
0     42   0   0             @const382
0     42   0   0             @const383
0     38   0   0             @const384
0     38   0   0             @const385
0     32   0   0             @const386
0     36   0   0             @const388
0     38   0   0             @const390
0     32   0   0             @const391
0     42   0   0             @const392
0     48   0   0             @const394
0     40   0   0             @const396
0     40   0   0             @const398
0     38   0   0             @const400
0     38   0   0             @const401
0     40   0   0             @const403
0     40   0   0             @const405
0     40   0   0             @const407
0     36   0   0             @const410
0     28   0   0             @const411
0     38   0   0             @const417
0     46   0   0             @const418
0     44   0   0             @const419
0     44   0   0             @const421
0     48   0   0             @const422
0     44   0   0             @const423
0     32   0   0             @const424
0     32   0   0             @const427
0     28   0   0             @const428
0     32   0   0             @const429
0     32   0   0             @const431
0     32   0   0             @const433
0     36   0   0             @const434
0     34   0   0             @const436
0     36   0   0             @const438
0     36   0   0             @const440
0     38   0   0             @const442
0     34   0   0             @const446
0     34   0   0             @const447
0     32   0   0             @const448

Program metrics:
    Functions               24
    Statements              1653
    Comments                678
    Volume (V)              114148
    Difficilty (D)          139.4
    Effort to implement (E) 15910510
    Time to implement (T)   245 hours, 32 minutes
    Est Delivered Bugs (B)  21
    Cyclomatic Complexity   293
    Maintainability (MI)    102

 Segment     Used  Free
-----------  ----  ----
00000-00002     4  0  
00004-00006     0  4  
00008-00094   142  0  
00096-07FFE  31856  762  



