
ROM used: 38992 (40%)
          38992 (40%) including unused fragments

          12 Average locations per line
          21 Average locations per statement

RAM used: 1629 (49%) at main() level
          1687 (51%) worst case

Stack used: 7 worst case (out of 31 total available)

Lines Stmts  %   Files
----- ----- ---  -----
 1153   987  53  Horno.c
  461     0   0  C:\Program Files (x86)\PICC\Devices\18F4685.h
  354    78   4  HDM64GS12.c
  556   167   9  GRAPHICS.c
   68     0   0  imagen.h
  683   638  34  Funciones.h
----- -----
 3275  1870 Total

Page ROM  %  RAM   Vol Diff  Functions:
---- --- --- ---   --- ----  ----------
0     40   0   1             @delay_ms1
0    168   0   1   580  3.2  glcd_init
0    184   0   7   609  5.4  glcd_update
0    188   0   9   466  7.8  glcd_pixel
0     90   0  10   317  4.7  glcd_fillScreen
0     54   0   2   257  2.8  glcd_writeByte
0    286   0   0             @const95
0    250   0   0             @const98
0    318   0  17  1475  8.8  glcd_line
0    194   0   6  1036  5.8  glcd_rect
0    554   1  12  1822  8.6  glcd_circle
0     78   0   2             @MUL88
0    440   1  20  1550 11.2  glcd_text57
0   1052   1   0             @const174
0    110   0   2   142  3.9  ActualizaRecta
0    632   1  16             @ADDFF
0     88   0   5   100  2.1  sensores
0     54   0   2             @ITOF
0   1592   2   5  1454  9.5  Leer_Sensor
0    246   0  11             @MULFF
0     34   0   5             @MUL1616
0    350   0  14             @DIVFF
0   2352   3   4  2774  9.3  Controla
0    122   0  10             @FLT
0     60   0   4             @SFTOI
0    250   0   8   868  5.1  displayMenu
0    648   1  21  1912  5.5  displayTemps
0     32   0   1             @SPRINTF
0     68   0   5             @FTOSD
0    128   0  13             @DIV3232
0    436   1  13             @PRINTF_L32D_307FPFPF
0     32   0   0             @const317
0    454   1  16  1613  5.0  displayTiempo
0     44   0   3             @DIV88
0    134   0   2             @PRINTF_U_307
0    122   0  18   330  3.4  displayTT
0    440   1  17  1550  5.0  displayTemperatura
0    190   0   9             @PRINTF_LU_307
0    178   0   6   483  7.8  glcd_imagen
0    122   0  18   330  3.4  displayT
0    190   0  15   603  4.5  displayContrasena
0    224   0   6             @PRINTF_D_307
0    174   0   2   318  2.3  MensajeAlmacenado
0     36   0   0             @const381
0     42   0   0             @const382
0     56   0   1   119  1.7  ConfiguraInterrupciones
0    352   0   2   771  4.3  MensajeBienvenida
0     42   0   0             @const385
0     46   0   0             @const386
0     46   0   0             @const387
0     42   0   0             @const388
0   1924   2   4  2600  3.9  LeeEEPROM
0   2250   3   0  4734  4.9  LimitaValores
0     14   0   0    17  0.8  DelayPuls
0   2104   3  10  8895 10.6  PidePassword
0     36   0   0             @const401
0     42   0   0             @const402
0     40   0   0             @const404
0     42   0   0             @const406
0     78   0   0   489  4.3  CuentaTiempo
0    148   0   1   607  5.3  temp1s
0  16258  21   4 61673 14.1  MAIN
0     42   0   0             @const412
0     36   0   0             @const413
0     46   0   0             @const414
0     52   0   0             @const416
0     44   0   0             @const418
0     44   0   0             @const420
0     42   0   0             @const422
0     42   0   0             @const423
0     44   0   0             @const425
0     44   0   0             @const427
0     44   0   0             @const429
0     38   0   0             @const432
0     32   0   0             @const433
0     50   0   0             @const434
0     48   0   0             @const435
0     52   0   0             @const436
0     48   0   0             @const437
0     36   0   0             @const438
0     36   0   0             @const441
0     32   0   0             @const442
0     36   0   0             @const444
0     36   0   0             @const446
0     48   0   0             @const447
0     44   0   0             @const449
0     40   0   0             @const451
0     42   0   0             @const453
0     38   0   0             @const455
0     40   0   0             @const457
0     40   0   0             @const459
0     42   0   0             @const461
0     44   0   0             @const463
0     44   0   0             @const465
0     44   0   0             @const467
0     46   0   0             @const469
0     44   0   0             @const471
0     32   0   0             @const472
0     32   0   0             @const473
0     32   0   0             @const474
0     38   0   0             @const476
0     38   0   0             @const477
0     36   0   0             @const478
0     40   0   0             @const479
0     34   0   0             @const480
0     38   0   0             @const481
0     38   0   0             @const482

Program metrics:
    Functions               31
    Statements              1870
    Comments                621
    Volume (V)              134972
    Difficilty (D)          175.1
    Effort to implement (E) 23628668
    Time to implement (T)   364 hours, 38 minutes
    Est Delivered Bugs (B)  27
    Cyclomatic Complexity   333
    Maintainability (MI)    89

 Segment     Used  Free
-----------  ----  ----
00000-00002     4  0  
00004-00006     0  4  
00008-0009C   150  0  
0009E-0FFFE  38838  26540  
10000-17FFE     0  32768  



