>>> Warning 240 "Horno.c" Line 509(22,27): Pointer types do not match
>>> Warning 240 "Horno.c" Line 511(22,27): Pointer types do not match
>>> Warning 240 "Horno.c" Line 513(22,27): Pointer types do not match
>>> Warning 240 "Horno.c" Line 515(22,27): Pointer types do not match
>>> Warning 240 "Horno.c" Line 535(28,33): Pointer types do not match
>>> Warning 240 "Horno.c" Line 546(25,30): Pointer types do not match
>>> Warning 240 "Horno.c" Line 622(31,36): Pointer types do not match
>>> Warning 240 "Horno.c" Line 624(31,36): Pointer types do not match
>>> Warning 240 "Horno.c" Line 632(31,36): Pointer types do not match
>>> Warning 240 "Horno.c" Line 634(31,36): Pointer types do not match
>>> Warning 240 "Horno.c" Line 657(28,33): Pointer types do not match
>>> Warning 240 "Horno.c" Line 661(31,36): Pointer types do not match
>>> Warning 240 "Horno.c" Line 664(31,36): Pointer types do not match
>>> Warning 240 "Horno.c" Line 668(31,36): Pointer types do not match
>>> Warning 240 "Horno.c" Line 671(31,36): Pointer types do not match
>>> Warning 240 "Horno.c" Line 675(31,36): Pointer types do not match
>>> Warning 240 "Horno.c" Line 678(31,36): Pointer types do not match
>>> Warning 240 "Horno.c" Line 682(31,36): Pointer types do not match
>>> Warning 240 "Horno.c" Line 685(31,36): Pointer types do not match
>>> Warning 240 "Horno.c" Line 725(28,33): Pointer types do not match
>>> Warning 240 "Horno.c" Line 729(28,33): Pointer types do not match
>>> Warning 240 "Horno.c" Line 731(28,33): Pointer types do not match
>>> Warning 240 "Horno.c" Line 735(28,33): Pointer types do not match
>>> Warning 240 "Horno.c" Line 737(28,33): Pointer types do not match
>>> Warning 240 "Horno.c" Line 800(49,54): Pointer types do not match
>>> Warning 240 "Horno.c" Line 804(28,33): Pointer types do not match
>>> Warning 240 "Horno.c" Line 848(28,33): Pointer types do not match
>>> Warning 240 "Horno.c" Line 871(28,33): Pointer types do not match
>>> Warning 240 "Horno.c" Line 914(25,30): Pointer types do not match
>>> Warning 240 "Horno.c" Line 1018(31,36): Pointer types do not match
>>> Warning 240 "Horno.c" Line 1020(31,36): Pointer types do not match
>>> Warning 240 "Horno.c" Line 1028(31,36): Pointer types do not match
>>> Warning 240 "Horno.c" Line 1030(31,36): Pointer types do not match
>>> Warning 240 "Horno.c" Line 1043(25,30): Pointer types do not match
>>> Warning 240 "Horno.c" Line 1176(34,39): Pointer types do not match
>>> Warning 240 "Horno.c" Line 1186(34,39): Pointer types do not match
>>> Warning 240 "Horno.c" Line 1197(34,39): Pointer types do not match
>>> Warning 240 "Horno.c" Line 1207(34,39): Pointer types do not match
>>> Warning 240 "Horno.c" Line 1221(28,33): Pointer types do not match
>>> Warning 240 "Horno.c" Line 1249(28,33): Pointer types do not match
>>> Warning 240 "Horno.c" Line 1300(52,57): Pointer types do not match
>>> Warning 240 "Horno.c" Line 1304(52,57): Pointer types do not match
>>> Warning 240 "Horno.c" Line 1305(56,61): Pointer types do not match
>>> Warning 240 "Horno.c" Line 1307(86,91): Pointer types do not match
>>> Warning 240 "Horno.c" Line 1319(52,57): Pointer types do not match
>>> Warning 240 "Horno.c" Line 1323(56,61): Pointer types do not match
>>> Warning 240 "Horno.c" Line 1325(52,57): Pointer types do not match
>>> Warning 240 "Horno.c" Line 1327(56,61): Pointer types do not match
>>> Warning 240 "Horno.c" Line 1351(28,33): Pointer types do not match
>>> Warning 240 "Horno.c" Line 1394(25,30): Pointer types do not match
>>> Warning 240 "Horno.c" Line 1398(25,30): Pointer types do not match
>>> Warning 240 "Horno.c" Line 1400(25,30): Pointer types do not match
>>> Warning 240 "Horno.c" Line 1404(25,30): Pointer types do not match
>>> Warning 240 "Horno.c" Line 1406(25,30): Pointer types do not match
>>> Warning 240 "Horno.c" Line 1463(31,36): Pointer types do not match
>>> Warning 240 "Horno.c" Line 1466(31,36): Pointer types do not match
>>> Warning 240 "Horno.c" Line 1470(31,36): Pointer types do not match
>>> Warning 240 "Horno.c" Line 1473(31,36): Pointer types do not match
>>> Warning 240 "Horno.c" Line 1477(31,36): Pointer types do not match
>>> Warning 240 "Horno.c" Line 1480(31,36): Pointer types do not match
>>> Warning 240 "Horno.c" Line 1484(31,36): Pointer types do not match
>>> Warning 240 "Horno.c" Line 1487(31,36): Pointer types do not match
>>> Warning 240 "Horno.c" Line 1491(31,36): Pointer types do not match
>>> Warning 240 "Horno.c" Line 1494(31,36): Pointer types do not match
>>> Warning 240 "Horno.c" Line 1498(31,36): Pointer types do not match
>>> Warning 240 "Horno.c" Line 1501(31,36): Pointer types do not match
>>> Warning 240 "Horno.c" Line 1569(28,33): Pointer types do not match
>>> Warning 240 "Horno.c" Line 1622(28,33): Pointer types do not match
>>> Warning 240 "Horno.c" Line 1674(28,33): Pointer types do not match
>>> Warning 240 "Horno.c" Line 1726(28,33): Pointer types do not match
>>> Warning 240 "Horno.c" Line 1778(28,33): Pointer types do not match
>>> Warning 240 "Horno.c" Line 1830(28,33): Pointer types do not match
>>> Warning 202 "Horno.c" Line 34(77,85): Variable never used:   saturado
>>> Warning 202 "Horno.c" Line 34(88,95): Variable never used:   Sentido
>>> Warning 202 "Horno.c" Line 36(20,31): Variable never used:   flag_clear2
>>> Warning 202 "Horno.c" Line 36(48,59): Variable never used:   flag_clear4
>>> Warning 202 "Horno.c" Line 36(120,132): Variable never used:   flag_control
>>> Warning 202 "Horno.c" Line 46(107,116): Variable never used:   Ganancia2
      Memory usage:   ROM=87%      RAM=78% - 81%
      0 Errors,  78 Warnings.
Build Successful.
