
ROM used: 33012 (34%)
          33012 (34%) including unused fragments

          11 Average locations per line
          21 Average locations per statement

RAM used: 1602 (48%) at main() level
          1660 (50%) worst case

Stack used: 7 worst case (out of 31 total available)

Lines Stmts  %   Files
----- ----- ---  -----
 1037   783  49  Horno.c
  461     0   0  C:\Program Files (x86)\PICC\Devices\18F4685.h
  354    78   5  HDM64GS12.c
  556   167  11  GRAPHICS.c
   68     0   0  imagen.h
  659   558  35  Funciones.h
----- -----
 3135  1586 Total

Page ROM  %  RAM   Vol Diff  Functions:
---- --- --- ---   --- ----  ----------
0     40   0   1             @delay_ms1
0    168   0   1   580  3.2  glcd_init
0    184   0   7   609  5.4  glcd_update
0    188   0   9   466  7.8  glcd_pixel
0     90   0  10   317  4.7  glcd_fillScreen
0     54   0   2   257  2.8  glcd_writeByte
0    286   0   0             @const95
0    250   0   0             @const98
0    318   0  17  1475  8.8  glcd_line
0    194   0   6  1036  5.8  glcd_rect
0    554   1  12  1822  8.6  glcd_circle
0     78   0   2             @MUL88
0    440   1  20  1550 11.2  glcd_text57
0   1052   2   0             @const174
0    110   0   2   142  3.9  ActualizaRecta
0    632   1  16             @ADDFF
0     90   0   5   100  2.1  sensores
0     54   0   2             @ITOF
0    434   1   5   412  6.9  Leer_Sensor
0    246   0  11             @MULFF
0     34   0   5             @MUL1616
0    350   1  14             @DIVFF
0   2332   4   4  2809  8.8  Controla
0    122   0  10             @FLT
0     60   0   4             @SFTOI
0    250   0   8   868  5.1  displayMenu
0    648   1  21  1912  5.5  displayTemps
0     32   0   1             @SPRINTF
0     68   0   5             @FTOSD
0    128   0  13             @DIV3232
0    436   1  13             @PRINTF_L32D_301FPFPF
0     32   0   0             @const311
0    454   1  16  1613  5.0  displayTiempo
0     44   0   3             @DIV88
0    134   0   2             @PRINTF_U_301
0    440   1  17  1550  5.0  displayTemperatura
0    190   0   9             @PRINTF_LU_301
0    178   0   6   483  7.8  glcd_imagen
0    122   0  18   330  3.4  displayT
0    186   0  15   603  4.5  displayContrasena
0    224   0   6             @PRINTF_D_301
0    166   0   2   318  2.3  MensajeAlmacenado
0     36   0   0             @const368
0     42   0   0             @const369
0     34   0   0    98  1.7  ConfiguraInterrupciones
0    342   1   2   771  4.3  MensajeBienvenida
0     42   0   0             @const372
0     46   0   0             @const373
0     46   0   0             @const374
0     42   0   0             @const375
0   1362   2   1  1919  3.4  LeeEEPROM
0   1484   2   0  3338  4.9  LimitaValores
0     14   0   0    17  0.8  DelayPuls
0   2098   3  10  8895 10.6  PidePassword
0     36   0   0             @const388
0     42   0   0             @const389
0     40   0   0             @const391
0     42   0   0             @const393
0     78   0   0   489  4.3  CuentaTiempo
0    148   0   1   642  5.3  temp1s
0  13458  20   4 47372 13.5  MAIN
0     42   0   0             @const399
0     36   0   0             @const400
0     46   0   0             @const401
0     52   0   0             @const403
0     44   0   0             @const405
0     44   0   0             @const407
0     42   0   0             @const409
0     42   0   0             @const410
0     44   0   0             @const412
0     44   0   0             @const414
0     44   0   0             @const416
0     40   0   0             @const419
0     32   0   0             @const420
0     50   0   0             @const421
0     48   0   0             @const422
0     48   0   0             @const424
0     52   0   0             @const425
0     48   0   0             @const426
0     36   0   0             @const427
0     36   0   0             @const430
0     32   0   0             @const431
0     36   0   0             @const433
0     36   0   0             @const435
0     48   0   0             @const436
0     40   0   0             @const438
0     38   0   0             @const440
0     40   0   0             @const442
0     40   0   0             @const444
0     42   0   0             @const446
0     38   0   0             @const450
0     38   0   0             @const451
0     36   0   0             @const452

Program metrics:
    Functions               30
    Statements              1586
    Comments                640
    Volume (V)              113582
    Difficilty (D)          167.8
    Effort to implement (E) 19054605
    Time to implement (T)   294 hours, 3 minutes
    Est Delivered Bugs (B)  24
    Cyclomatic Complexity   275
    Maintainability (MI)    100

 Segment     Used  Free
-----------  ----  ----
00000-00002     4  0  
00004-00006     0  4  
00008-0009C   150  0  
0009E-0FFFE  32858  32520  
10000-17FFE     0  32768  



