H:\JP\JP\Laboratorio\Hornos\2016\Horno Conveccion Forzada\Horno 115L\Plano Electrico Horno Conveccion Forzada\ConexionesElectricasYElectronicas.dwg,Layout1,15/07/2016 8:06:32 a. m.,JP Electronica,DWG To PDF.pc3,ISO A4 (210.00 x 297.00 MM),1:1,
H:\JP\JP\Laboratorio\Hornos\2016\Horno Convección Natural\Horno 115L TecniLab\Plano Electrico Horno Conveccion Natural\ConexionesElectricasYElectronicas.dwg,Layout1,19/12/2016 7:39:48 a. m.,JP Electronica,DWG To PDF.pc3,ISO A4 (210.00 x 297.00 MM),1:1,
H:\JP\JP\Laboratorio\Cabina Extractora de Gases y  Humos\2017\Cabina Extractora 120 Avantika\Plano Electrico CEH 110V\DiagramaConexiones\Conexiones.dwg,Layout1,07/02/2017 11:22:07 a. m.,JP Electronica,DWG To PDF.pc3,ISO A4 (210.00 x 297.00 MM),1:1,
H:\JP\JP\Laboratorio\Autoclave\Autoclaves Vertical\Sin Precamara\2018\Autoclave 50L Scientific Products #0045877XX\Plano Hidraulico\ConexionesNeumaticas85L\Tuberia110L.dwg,Layout1,11/01/2018 9:14:15 a. m.,JP Electronica,DWG To PDF.pc3,ISO A4 (210.00 x 297.00 MM),1:1,
H:\JP\JP\Laboratorio\Hornos\2018\Horno 160L Touch Avantika #0045877XX\Plano Electrico Horno Touch\Conexiones_Panel_Control.dwg,ANSI C Title Block,03/02/2018 9:17:02 a. m.,JP Electronica,DWG To PDF.pc3,ANSI C (17.00 x 22.00 Inches),1:1,
H:\JP\JP\Laboratorio\Cabina Extractora de Gases y  Humos\2018\Cabina Extractora 90 Ventilador Interno #0045878XX\Plano Electrico CEH 110V\DiagramaConexiones\ConexionesElectricasYElectronicas.dwg,Layout1,08/08/2018 9:29:33 a. m.,JP Electronica,DWG To PDF.pc3,ISO A4 (210.00 x 297.00 MM),1:1,
H:\JP\JP\Laboratorio\Mufla\2018\Mufla 3L Avantika #0045878XX\Plano Electrico Mufla\ConexionesElectricasYElectronicas.dwg,Layout1,17/08/2018 7:43:21 a. m.,JP Electronica,DWG To PDF.pc3,ISO A4 (210.00 x 297.00 MM),1:1,
D:\Laboratorio\Mufla\2019\Mufla 16L Avantika #0045880XX OP2019142\Plano Electrico Mufla\ConexionesElectricasYElectronicas.dwg,Layout1,20/12/2019 5:26:38 a. m.,USUARIO,DWG To PDF.pc3,ISO A4 (210.00 x 297.00 MM),1:1,
D:\Laboratorio\Mufla\2019\Mufla 16L Avantika #004588073 OP2019142\Plano Electrico Mufla\ConexionesElectricasYElectronicas.dwg,Layout1,20/12/2019 11:01:19 a. m.,USUARIO,DWG To PDF.pc3,ISO A4 (210.00 x 297.00 MM),1:1,
D:\Laboratorio\Mufla\2019\Mufla 16L Avantika #004588073 OP2019142\Plano Electrico Mufla\ConexionesElectricasYElectronicas.dwg,Layout1,21/12/2019 11:53:52 a. m.,USUARIO,DWG To PDF.pc3,ISO A4 (210.00 x 297.00 MM),1:1,
D:\Laboratorio\Incubadora\2019\Incubadora Dual Avantika OP2019176 #004588068\Plano Electrico Incubadora\ConexionesElectricasYElectronicas.dwg,Layout1,23/12/2019 4:16:46 p. m.,USUARIO,DWG To PDF.pc3,ISO A4 (210.00 x 297.00 MM),1:1,
D:\Laboratorio\Mufla\2020\Mufla 14L Touch Avantika #0045882XX OP202019\Plano Electrico Mufla\ConexionesElectricasYElectronicas.dwg,Layout1,15/07/2020 2:55:03 p. m.,USUARIO,DWG To PDF.pc3,ISO A4 (210.00 x 297.00 MM),1:1,
D:\Laboratorio\Incubadora\2020\Incubadora 240L Avantika OP202007 #0045880XX\Plano Electrico Incubadora\ConexionesElectricasYElectronicas.dwg,Layout1,30/07/2020 12:52:08 p. m.,USUARIO,DWG To PDF.pc3,ISO A4 (210.00 x 297.00 MM),1:1,
D:\Laboratorio\Cabina Extractora de Gases y  Humos\2020\Cabina Extractora 180PP Avantika #0045883XX-XX-XX-XX OP202086-87-88-89\Plano Electrico CEH 220V\DiagramaConexiones\ConexionesElectricasYElectronicas.dwg,Layout1,4/09/2020 6:49:39 a. m.,USUARIO,DWG To PDF.pc3,ISO A4 (210.00 x 297.00 MM),1:1,
D:\Laboratorio\Hornos\2020\Horno de Vacio 29L Touch Avantika #0045883XX OP202091\Plano Electrico Horno de Vacio\ConexionesElectricasYElectronicas.dwg,Layout1,17/09/2020 6:48:46 a. m.,USUARIO,DWG To PDF.pc3,ISO A4 (210.00 x 297.00 MM),1:1,
D:\Laboratorio\Autoclave\Autoclaves Vertical\Sin Precamara\2020\Autoclave 55L Artilab #0045884XX OP2020313\Plano Electrico Autoclave Vertical Trifasica\ConexionesElectricasYElectronicas.dwg,Layout1,27/10/2020 4:02:43 p. m.,USUARIO,DWG To PDF.pc3,ISO A4 (210.00 x 297.00 MM),1:1,
D:\Laboratorio\Camara Climatica\2020\Camara Climatica Peltier Touch Avantika 330L #0045884XX OP2020323\Plano Electrico Camara Climatica\ConexionesElectricasYElectronicas.dwg,Layout1,28/10/2020 9:21:12 a. m.,USUARIO,DWG To PDF.pc3,ISO A4 (210.00 x 297.00 MM),1:1,
D:\Laboratorio\Camara Climatica\2020\Camara Climatica Peltier Touch Avantika 330L #0045884XX OP2020323\Plano Electrico Camara Climatica\ConexionesElectricasYElectronicas.dwg,Layout1,30/10/2020 7:53:55 a. m.,USUARIO,DWG To PDF.pc3,ISO A4 (210.00 x 297.00 MM),1:1,
D:\Laboratorio\Camara Climatica\2020\Camara Climatica Peltier Touch Avantika 330L #0045884XX OP2020323\Plano Electrico Camara Climatica\ConexionesElectricasYElectronicas.dwg,Layout1,3/11/2020 4:48:26 p. m.,USUARIO,DWG To PDF.pc3,ISO A4 (210.00 x 297.00 MM),1:1,
D:\Laboratorio\Incubadora\2020\Incubadora Refrigerada Peltier Touch DYM 750L #0045884XX OP2020354\Plano Electrico Incubadora Refrigerada\ConexionesElectricasYElectronicas.dwg,Layout1,25/11/2020 4:47:35 p. m.,USUARIO,DWG To PDF.pc3,ISO A4 (210.00 x 297.00 MM),1:1,
D:\Laboratorio\Incubadora\2020\Incubadora Refrigerada Peltier Touch DYM 750L #0045884XX OP2020354\Plano Electrico Incubadora Refrigerada\ConexionesElectricasYElectronicas.dwg,Layout1,25/11/2020 4:49:10 p. m.,USUARIO,DWG To PDF.pc3,ISO A4 (210.00 x 297.00 MM),1:1,
